accounting_and_finance
2009
2010
Accounting_and_Finance_Stage_2_Examination_2010.pdf"
Accounting_and_Finance_Stage_2_information_booklet_2010.pdf"
Accounting_and_Finance_Stage_2_Specifications_booklet_2010.pdf"
Accounting_and_Finance_Stage_3_examination_2010.pdf"
Accounting_and_Finance_Stage_3_Specifications_Booklet_2010.pdf"
Accounting_Stage_3_information_booklet_2010.pdf"
2011
Accounting_and_Finance_Stage_2_erratum_2011.pdf"
Accounting_and_Finance_Stage_2_examination_2011_pdf.pdf"
Accounting_and_Finance_Stage_2_Information_Booklet_2011_pdf.pdf"
Accounting_and_Finance_Stage_3_Examination_2011_pdf.pdf"
Accounting_Finance_specifications_booklet_Stage_2_2011_pdf.pdf"
Accounting_Finance_Specifications_booklet_Stage_3_2011_pdf.pdf"
Accounting_Stage_3_Information_Booklet_2011_pdf.pdf"
2012
Accounting_and_Finance_Stage_3_exam_2012.pdf"
Accounting_and_Finance_Stage_3_Information_Booklet_2012.pdf"
Accounting_Finance_Specifications_booklet_Stage_3_for_2012.pdf"
ACCOUNTING%20AND%20FINANCE.pdf"
Accounting_and_Finance_Stage_2_exam_2012.pdf"
Accounting_and_Finance_Stage_2_Information_Booklet_2012.pdf"
2013
Accounting-and-Finance-Stage-3-exam-2013.pdf"
Accounting_and_Finance_Stage_3_Information_Booklet_2013.pdf"
Accounting_Finance_Specifications_booklet_Stage_3_for_2013.pdf"
Accounting%20and%20Finance%20Stage%203%20exam%202013.pdf"
Accounting_and_Finance_Stage_2_exam_2013.pdf"
Accounting_and_Finance_Stage_2_Information_Booklet_2013.pdf"
2014
Accounting_and_Finance_Stage_3_Exam_2014.pdf"
Accounting_and_Finance_Stage_3_Information_Booklet_2014.pdf"
Accounting_Finance_Specifications_booklet_Stage_3_for_2014.pdf"
ACF3-Examination-report-2014-Public-version.pdf"
Accounting_and_Finance_Stage_2_exam_2014.pdf"
Accounting_and_Finance_Stage_2_Information_Booklet_2014.pdf"
ACF2%20Examination%20report%202014%20-%20Public%20version.pdf"
ACF3%20Examination%20report%202014%20-%20Public%20version.pdf"
2015
Accounting_and_Finance_Stage_3_Exam_2015.pdf"
Accounting_and_Finance_Stage_3_Information_Booklet_2015.pdf"
Account_and_Finance_Stage_3_Specifications_booklet_2015.pdf"
ACF3-Examination-report-2015-Public-version.PDF"
ancient_history
2009
2010
Ancient_History_Stage_2_Document_booklet_2010.pdf"
Ancient_History_Stage_2_exam_2010.pdf"
Ancient_History_Stage_3_Document_booklet_2010_WEB_ONLY_VERSION_PDF.pdf"
Ancient_History_Stage_3_exam_2010.pdf"
2011
Ancient_History_Stage_2_Document_booklet_2011_Web_Only_Version_pdf.pdf"
Ancient_History_Stage_2_Examination_2011.pdf"
Ancient_History_Stage_3_Document_booklet_2011_Web_Only_Version_pdf.pdf"
Ancient_History_Stage_3_Examination_2011.pdf"
2012
Ancient_History_Stage_3_Document_Booklet_2012_Web_only_version.PDF"
Ancient_History_Stage_3_exam_2012.pdf"
Erratum_Ancient_History_Stage_3_examination_document_booklet_2012.pdf"
Ancient_History_Stage_2_Document_Booklet_2012_Web_Only_Version.pdf"
Ancient_History_Stage_2_exam_2012.pdf"
Ancient_History_Stage_3_Document_Booklet_2012_Web_only_version.pdf"
2013
Ancient_History_2013_Stage-3_Document_Booklet_Acknowledgement_Variation.pdf"
Ancient_History_Stage_3_exam_2013.pdf"
WEB-ONLY-VERSION-Ancient_History_Stage_3_Document_Booklet_2013.PDF"
Ancient_History_2013_Stage%203_Document_Booklet_Acknowledgement_Variation.pdf"
Ancient_History_Stage_2_Document_Booklet_2013_web_only_version.pdf"
Ancient_History_Stage_2_exam_2013.pdf"
WEB%20ONLY%20VERSION%20Ancient_History_Stage_3_Document_Booklet_2013.pdf"
2014
Ancient_History_Stage_3_exam_2014.pdf"
HIA3-Examination-report-2014-Public-version.pdf"
WEB-ONLY-VERSION-Ancient_History_Stage_3_Document_Booklet_2014.pdf"
Ancient_History_Stage_2_exam_2014.pdf"
HIA3%20Examination%20report%202014%20-%20Public%20version.pdf"
WEB%20ONLY%20VERSION%20Ancient_History_Stage_2_Document_Booklet_2014.pdf"
WEB%20ONLY%20VERSION%20Ancient_History_Stage_3_Document_Booklet_2014.pdf"
2015
Ancient_History_Stage_3_exam_2015.pdf"
HIA3-Examination-report-2015-Public-version.PDF"
WEB-ONLY-VERSION-Ancient_History_Stage_3_Document_Booklet_2015.pdf"
WEB%20ONLY%20VERSION%20Ancient_History_Stage_3_Document_Booklet_2015.pdf"
animal_production_systems
2009
2010
Animal_Production_Systems_Stage_2_examination_2010.pdf"
Animal_Production_Systems_Stage_3_Examination_2010.pdf"
2011
Animal_Production_Systems_Stage_2_examination_2011_Web_Only_Version_pdf.pdf"
Animal_Production_Systems_Stage_3_Examination_2011_pdf.pdf"
2012
Animal_Production_Systems_Stage_3_exam_2012.pdf"
Animal_Production_Systems_Stage_2_exam_2012.pdf"
2013
Animal_Production_Systems_Stage_3_exam_2013.pdf"
Animal%20Production%20Systems%20%28Stage%202%29%20Acknowledgement%20Variations%202013.pdf"
Animal_Production_Systems_Stage_2_exam_2013.pdf"
2014
Animal_Production_Systems_Stage_3_exam_2014.pdf"
APS3-Examination-report-2014-Public-version.pdf"
APS3%20Examination%20report%202014%20-%20Public%20version.pdf"
WEB_ONLY_VERSION_Animal_Production_Systems_Stage_2_exam_2014.pdf"
2015
Animal_Production_Systems_Stage_3_exam_2015.pdf"
APS3-Examination-report-2015-Public-version.PDF"
applied_information_technology
2009
Web_version_only_Applied_Information_Technology_2009_WACE_examination_Production_Booklet_Stage_2_A3_PDF.pdf"
Web_version_only_Applied_Information_Technology_2009_WACE_examination_production_booklet_Stage_3_PDF.pdf"
Web_version_only_Applied_Information_Technology_2009_WACE_examination_Stage_2_PDF.pdf"
Web_version_only_Applied_Information_Technology_2009_WACE_examination_Stage_3_PDF.pdf"
Web_version_only_Applied_Information_Technology_Stage_3_WACE_Errata_2009_PDF.pdf"
Web_version_only_Applied_Information_Technology_2009_WACE_examination_Production_Booklet_Stage_2_A3_PDF.pdf
Web_version_only_Applied_Information_Technology_2009_WACE_examination_production_booklet_Stage_3_PDF.pdf
Web_version_only_Applied_Information_Technology_2009_WACE_examination_Stage_2_PDF.pdf
Web_version_only_Applied_Information_Technology_2009_WACE_examination_Stage_3_PDF.pdf
Web_version_only_Applied_Information_Technology_Stage_3_WACE_Errata_2009_PDF.pdf
2010
Applied_Information_Technology_Stage_2_examination_2010.pdf"
Applied_Information_Technology_Stage_3_examination_2010_WEB_ONLY_VERSION_PDF.pdf"
Applied_Information_Technology_Stage_2_examination_2010.pdf
Applied_Information_Technology_Stage_3_Marking_Key_2010_pdf.pdf
Stage_3_2010_exam.pdf
2011
Applied_Information_Technology_Stage_2_examination_2011_pdf.pdf"
Applied_Information_Technology_Stage_3_examination_2011_Web_Version_only_pdf.pdf"
Stage2_Applied_Information_Technology_2011_WACE_examination.pdf
Stage2_Applied_Information_Technology_2011_WACE_marking_key.pdf
Stage3_Applied_Information_Technology_2011_WACE_examination.pdf
Stage3_Applied_Information_Technology_2011_WACE_marking_key.pdf
2012
Applied_Information_Technology_Stage_3_exam_2012_Web_Only_Version.pdf"
Applied_Information_Technology_Stage_2_exam_2012_Web_Only_Version.pdf"
Applied_Information_Technology_Stage_3_exam_2012_Web_Only_Version.pdf
Applied_Information_Technology_Stage_3_Marking_Key_2012.pdf
2013
Applied-Information-Technology-Stage-3-exam-2013.pdf"
Applied%20Information%20Technology%20Stage%203%20exam%202013.pdf"
Applied_Information_Technology_Stage_2_exam_2013_Web_only_version.pdf"
Applied_Information_Technology_Stage_3_exam_2013.pdf
Stage_3_Marking_Key_2013.pdf
2014
AIT3-Examination-report-2014-Public-version.pdf"
Applied-Information-Technology-Stage-3_Acknowledgement_Variation_2014-1.pdf"
Applied_Information_Technology_Stage_3_Exam_2014.pdf"
AIT2%20Examination%20report%202014%20-%20Public%20version.pdf"
AIT3%20Examination%20report%202014%20-%20Public%20version.pdf"
Applied%20Information%20Technology%20Stage%203_Acknowledgement_Variation_2014.pdf"
Applied_Information_Technology_Stage_2_Exam_2014.pdf"
2015
AIT3-Examination-report-2015-Public-version.PDF"
Applied_Information_Technology_Stage_3_Exam_2015.pdf"
aviation
2009
Web_version_only_Aviation_2009_WACE_examination_stage_2_written_PDF.pdf"
Web_version_only_Aviation_2009_WACE_examination_Stage_3_written_PDF.pdf"
Web_version_only_Aviation_Stage_2_WACE_appendices_2009_PDF.pdf"
Web_version_only_Aviation_Stage_3_WACE_Appendices_2009_PDF.pdf"
2010
Aviation_Stage_2_appendices_2010_web_only_version_pdf.pdf"
Aviation_Stage_2_examination_2010.pdf"
Aviation_Stage_3_appendices_2010_WEB_ONLY_VERSION_PDF.pdf"
Aviation_Stage_3_examination_2010.pdf"
2011
Aviation_Stage_3%20_Written_Exam_%202011.pdf"
Aviation_Stage_3_Appendices_Booklet_2011.pdf"
2012
Aviation_Stage_3_Exam_2012.pdf"
2013
Aviation_Stage_3_Exam_2013_web_only_version.pdf"
2014
Aviation-Stage-3_Acknowledgement_Variation_2014.pdf"
AVN3-Examination-report-2014-Public-version.pdf"
WEB-ONLY-VERSION-Aviation_Stage_3_Exam_2014.pdf"
Aviation%20Stage%203_Acknowledgement_Variation_2014.pdf"
AVN3%20Examination%20report%202014%20-%20Public%20version.pdf"
WEB%20ONLY%20VERSION%20Aviation_Stage_3_Exam_2014.pdf"
2015
Aviation_Stage_3_Exam_2015.pdf"
AVN3-Examination-report-2015-Public-version.PDF"
biology
2009
2010
Biological%20Sciences%20Stage%202_Erratum_2010_pdf.pdf"
Biological_Sciences_Stage_2_examination_2010_WEB_ONLY_VERSION_PDF.pdf"
Biological_Sciences_Stage_3_examination_2010.pdf"
2011
Biological_Sciences_Stage_3_examination_2011_Web_Only_Version_pdf.pdf"
Biological_Science_Stage_2_examination_2011_Web_Only_Version_pdf.pdf"
2012
Biological_Sciences_Stage_2_exam_2012.pdf"
Biological_Sciences_Stage_3_exam_2012_Web_only_version.pdf"
2013
Biological_Sciences_Stage-3_Acknowledgement_Variation_2013.pdf"
Biological_Sciences_Stage_3_exam_2013_web_only_version.pdf"
Biological_Sciences_Stage%203_Acknowledgement_Variation_2013.pdf"
Biological_Sciences_Stage_2_exam_2013_web_only_version.pdf"
2014
BIO3-Examination-report-2014-Public-version.pdf"
WEB-ONLY-VERSION-Biological_Sciences_Stage_3_exam_2014.pdf"
BIO3%20Examination%20report%202014%20-%20Public%20version.pdf"
WEB%20ONLY%20VERSION%20Biological_Sciences_Stage_3_exam_2014.pdf"
2015
BIO3-Examination-report-2015-Public-version.PDF"
WEB-ONLY-VERSION-Biological_Sciences_Stage_3_exam_2015.pdf"
WEB%20ONLY%20VERSION%20Biological_Sciences_Stage_3_exam_2015.pdf"
business_management_and_enterprise
2009
2010
Business_Management_and_Enterprise_stage_2_exam_2010.pdf"
Business_Management_and_Enterprise_Stage_3_examination_errata_2010.pdf"
Business_Management_and_Enterprise_Stage_3_exam_2010.pdf"
2011
Business_Management_and_Enterprise_Stage_2_Exam_2011_pdf.pdf"
Business_Management_and_Enterprise_Stage_3_acknowledgement_erratum_2011_pdf.pdf"
Business_Management_and_Enterprise_Stage_3_Exam_2011_pdf.pdf"
2012
Business_management_and_enterprise_Stage_3_exam_2012.pdf"
Business_management_and_enterprise_Stage_2_exam_2012.pdf"
2013
Business_management_and_enterprise_Stage_3_exam_2013_web_only_version.pdf"
Business_management_and_enterprise_Stage_2_exam_2013.pdf"
2014
BME3-Examination-report-2014-Public-version.pdf"
Business-Management-and-Enterprise-Stage-3_Acknowledgement_Variation_2014.pdf"
Business_management_and_enterprise_Stage_3_Exam_2014.pdf"
BME2%20Examination%20report%202014%20-%20Public%20version.pdf"
BME3%20Examination%20report%202014%20-%20Public%20version.pdf"
Business%20Management%20and%20Enterprise%20Stage%203_Acknowledgement_Variation_2014.pdf"
Business_management_and_enterprise_Stage_2_Exam_2014.pdf"
2015
BME3-Examination-report-2015-Public-version.PDF"
WEB-ONLY-VERSION-Business_management_and_enterprise_Stage_3_Exam_2015.pdf"
WEB%20ONLY%20VERSION%20Business_management_and_enterprise_Stage_3_Exam_2015.pdf"
career_and_enterprise
2009
Web_version_only_Career_and_Enterprise_2009_WACE_examination_Stage_2_PDF.pdf"
Web_version_only_Career_and_Enterprise_2009_WACE_examination_stage_3_PDF.pdf"
2010
Career_and_Enterprise_Stage_2_Exam_2010.pdf"
Career_and_Enterprise_Stage_3_examination_2010.pdf"
2011
Career_and_Enterprise_Stage_2_Exam_2011_doc.pdf"
Career_and_Enterprise_Stage_3_examination_2011_pdf.pdf"
2012
Career_and_Enterprise_Stage_3_exam_2012_Web_Only_Version.pdf"
Career%20and%20Enterprise_Examinations%20Development_%20Stage%202_2012%20Previewed%20Sources_30512_pdf.pdf"
Career%20and%20Enterprise_Examinations%20Development_%20Stage%202_2013%20Previewed%20Sources_pdf.pdf"
Career_and_Enterprise_Stage_2_exam_2012.pdf"
Career_and_Enterprise_Stage_3_exam_2012.pdf"
2013
Career-and-enterprise-Stage-3-exam-2013.pdf"
Career%20and%20enterprise%20Stage%203%20exam%202013.pdf"
Career_and_Enterprise_2013_Stage_2_Acknowledgement_Variation.pdf"
Career_and_Enterprise_Stage_2_exam_2013.pdf"
2014
CAE3-Examination-report-2014-Public-version.pdf"
Career-and-Enterprise_Examination-Development_2014-letter-to-schools-previewed-sources-stage-2-and-3_2014.pdf"
Career_and_enterprise_Stage_3_exam_2014.pdf"
CAE2%20Examination%20report%202014%20-%20Public%20version.pdf"
CAE3%20Examination%20report%202014%20-%20Public%20version.pdf"
Career%20and%20Enterprise_Examination%20Development_2014%20letter%20to%20schools%20previewed%20sources%20stage%202%20and%203_020413_pdf.pdf"
Career_and_Enterprise_Examination%20Development_Stage_2_Previewed_sources_2014.pdf"
Career_and_Enterprise_Stage_2_exam_2014.pdf"
2015
CAE3-Examination-report-2015-Public-version.PDF"
Career-and-enterprise-Stage-3-exam-2015.pdf"
Career_and_Enterprise_Examination_Development_Stage_3_Previewed_Source_2015.pdf"
Career%20and%20enterprise%20Stage%203%20exam%202015.pdf"
Career_and_Enterprise_Examination_Development_Stag.pdf"
chemistry
2009
2010
Chemistry_Stage%202_Erratum_2010.pdf"
Chemistry_Stage_2_and_3_Data_Sheet_examination_2010.pdf"
Chemistry_Stage_2_examination_2010.pdf"
Chemistry_Stage_3_examination_2010.pdf"
243b691f-6421-4618-a9c7-55fe9696add8.Wcm"
CHE_3AB_Marking_Key_2010.pdf
2011
Chemistry_Stage%202_exam_2011.pdf"
Chemistry_Stage_2_and_3_Data_Sheet_2011.pdf"
Chemistry_Stage_3_Exam_2011.pdf"
CHE_3AB_Marking_Key_2011.pdf
2012
Chemistry_Data_Sheet_Stage_2_and_Stage_3_2012.pdf"
Chemistry_Stage_2_exam_2012.pdf"
Chemistry_Stage_3_exam_2012.pdf"
Erratum_Chemistry_Stage_3_Examination_2012.pdf"
CHE_3AB_Marking_Key_2012.pdf
2013
Chemistry_Data_Sheet_Stage_2_and_Stage_3_2013.pdf"
Chemistry_Stage_3_exam_2013.pdf"
Chemistry_Stage_2_exam_2013.pdf"
2014
CHE3-Examination-report-2014-Public-version.pdf"
Chemistry_Exam_Data_Sheet_Stage_2_and_Stage_3_2014.pdf"
Chemistry_Stage_3_Examination_2014.pdf"
Chemistry_Stage_2_Exam_2014.pdf"
CHE3%20Examination%20report%202014%20-%20Public%20version.pdf"
2015
CHE3-Examination-report-2015-Public-version.PDF"
Chemistry_Data_Sheet_Stage_2_and_Stage_3_2015_pdf.pdf"
Chemistry_Stage_3_Examination_2015.pdf"
children_family_and_the_community
2009
2010
Children_Family_and_the_Community_Stage_2_exam_2010.pdf"
2011
Children_Family_and_the_Community_Stage_2_exam_2011_pdf.pdf"
Children_Family_and_the_Community_Stage_3_exam_2011_PDF.pdf"
2012
Children_Family_and_the_Community_Stage_3_exam_2012.pdf"
Children_Family_and_the_Community_Stage_2_exam_2012.pdf"
2013
Children_Family_and_the_Community_Stage_3_exam_2013.pdf"
Children_Family_and_the_Community_Stage_2_exam_2013.pdf"
2014
CFC3-Examination-report-2014-Public-version.pdf"
Children-Family-and-Community-Stage-3_Acknowledgement_Variation_2014.pdf"
Children_Family_and_the_Community_Stage_3_exam_2014.pdf"
CFC2%20Examination%20report%202014%20-%20Public%20version.pdf"
CFC3%20Examination%20report%202014%20-%20Public%20version.pdf"
Children%20Family%20and%20Community%20Stage%203_Acknowledgement_Variation_2014.pdf"
Children_Family_and_the_Community_Stage_2_exam_2014.pdf"
2015
CFC3-Examination-report-2015-Public-version.PDF"
Children_Family_and_the_Community_Stage_3_exam_2015.pdf"
chinese_second_language
2009
CSL_Past_WACE_examination_Stage_2_Audio_2009.mp3"
CSL_Past_WACE_examination_Stage_3_Audio_2009.mp3"
Web_version_only_Chinese_Second_Language_2009_WACE_examination_stage_2_PDF.pdf"
WEB_VERSION_ONLY_Chinese_Second_Language_2009_WACE_examination_written_Stage_3_pdf.pdf"
2010
Chinese_Second_Language_Stage_3_recording_script_2010_pdf.pdf"
Chinese_Second_Language_Stage_3_written_exam_2010.pdf"
CSL_examination_audio_Stage_3_2010.mp3"
2011
CSL_2011_stage_2_exam.mp3"
CSL_2011_stage_3_exam.mp3"
Chinese_Second_Language_Stage_2_acknowledgement_erratum_2011_pdf.pdf"
Chinese_Second_Language_Stage_2_recording_script_2011_pdf.pdf"
Chinese_Second_Language_Stage_2_written_examination_2011_pdf.pdf"
Chinese_Second_Language_Stage_3_recording_script_2011_pdf.pdf"
Chinese_Second_Language_Stage_3_written_examination_2011_pdf.pdf"
2012
Chinese_Second_language_2012_Stage_3_practical_stimulus.pdf"
Chinese_Second_Language_Stage_3_Examination_2012_Recording_Script.pdf"
Chinese_Second_Language_Stage_3_exam_2012.pdf"
CSL_2012_Stage2_listening_responding.mp3"
CSL_2012_Stage3_recording_listening.mp3"
Chinese_Second_Language_2012_Recording_Script_stage_2.pdf"
Chinese_Second_Language_Stage_2_exam_2012.pdf"
Chinese_Second_language_Stage_3_practical_stimulus.pdf"
2013
Chinese_Second-Language_2013_Stage_3_Recording_Script.pdf"
Chinese_Second_Language_Stage_3_exam_2013.pdf"
WACE_EXAM_CSL_Stage_2.mp3"
WACE_EXAM_CSL_Stage_3.mp3"
Chinese_Second-Language_2013_Stage_2_Recording_Script.pdf"
Chinese_Second_Language_Stage_2_exam_2013.pdf"
Chinese_Second%20Language_Stage_2_Recording_Script.pdf"
Chinese_Second%20Language_Stage_3_Recording_Script.pdf"
Chinese_Second_Language_Stage_2_exam_2013%20V2.pdf"
2014
Chinese_Second_Language_Stage_3_exam_2014.pdf"
CSL3-Examination-report-2014-Public-version.pdf"
CSL_Stage_3.mp3"
C_S_L_Stage_3_recording_script_2014_pdf.pdf"
CSL3%20Examination%20report%202014%20-%20Public%20version.pdf"
2015
Chinese_second_language_stage3_01.mp3"
Chinese_second_language_stage3_02.mp3"
Chinese_second_language_stage3_03.mp3"
Chinese_second_language_stage3_04.mp3"
Chinese_second_language_stage3_05.mp3"
Chinese_second_language_stage3_06.mp3"
Chinese_Second_Language_Stage_3_exam_2015.pdf"
Chinese_Second_Language_Stage_3_recording_script_2015.PDF"
CSL3-Examination-report-2015-Public-version.PDF"
Chinese_Second_Language_Stage_3_recording_script_2015.pdf"
computer_science
2009
Web_version_only_Computer_Science_2009_WACE_examination_stage_2_written_PDF.pdf"
Web_version_only_Computer_Science_2009_WACE_examination_written_Stage_3_PDF.pdf"
Web_version_only_Computer_Science_Stage_3_WACE_Erratum_2009_PDF.pdf"
2010
Computer_Science_Stage_2_examination_2010.pdf"
Computer_Science_Stage_3_Examination_2010.pdf"
Computer_Science_Stage_3_Source_booklet_2010.pdf"
2011
Computer_Science_Stage_2_examination_2011_pdf.pdf"
Computer_Science_Stage_3_Examination_2011_Web_Only_Version_pdf.pdf"
Computer_Science_Stage_3_Source_booklet_2011_pdf.pdf"
2012
Computer_Science_Stage_2_exam_2012.pdf"
Computer_Science_Stage_3_exam_2012.pdf"
Computer_Science_Stage_3_Source_Booklet_2012.pdf"
2013
Computer_Science_Stage_2_exam_2013.pdf"
Computer_Science_Stage_3_exam_2013.pdf"
Computer_Science_Stage_3_Source_Booklet_2013.pdf"
2014
Computer_Science_Stage_3_exam_2014.pdf"
Computer_Science_Stage_3_Source_Booklet_2014.pdf"
CSC3-Examination-report-2014-Public-version.pdf"
Computer_Science_Stage_2_exam_2014.pdf"
CSC2%20Examination%20report%202014%20-%20Public%20version.pdf"
CSC3%20Examination%20report%202014%20-%20Public%20version.pdf"
2015
Computer_Science_Stage_3_Source_Booklet_2015.pdf"
CSC3-Examination-report-2015-Public-version.PDF"
WEB-ONLY-VERSION-Computer_Science_Stage_3_exam_2015.pdf"
WEB%20ONLY%20VERSION%20Computer_Science_Stage_3_exam_2015.pdf"
dance
2009
Web_version_only_Dance_2009_WACE_examination_Stage_2_written_PDF.pdf"
Web_version_only_Dance_2009_WACE_examination_Stage_3_written_PDF.pdf"
Web_version_only_Dance_Stage_2_and_3_WACE_Source_Booklet_2009_PDF.pdf"
2010
Dance_Stage_2_and_Stage_3_Source_Booklet_2010.pdf"
Dance_Stage_2_exam_2010.pdf"
Dance_Stage_3_exam_2010.pdf"
2011
Dance_Stage_2_and_3_Source_Booklet_2011_pdf.pdf"
Dance_Stage_2_Examination_2011_pdf.pdf"
Microsoft%20Word%20-%20Dance_Stage_3_Examination_2011_pdf.pdf"
2012
Dance_Stage_3_exam_2012.pdf"
Dance_%20Stage_3_exam_2012.pdf"
Dance_Stage_2_exam_2012.pdf"
2013
Dance_Stage_2_and_3_Source_Booklet_2013.pdf"
Dance_Stage_3_exam_2013.pdf"
Dance_Stage_2_exam_2013.pdf"
2014
DAN3-Examination-report-2014-Public-version.pdf"
Dance_-Stage_3_exam_2014.pdf"
Dance_Stage_2_and_3_Source_Booklet_2014.pdf"
DAN3%20Examination%20report%202014%20-%20Public%20version.pdf"
Dance_%20Stage_2_exam_2014.pdf"
Dance_%20Stage_3_exam_2014.pdf"
2015
DAN3-Examination-report-2015-Public-version.PDF"
Dance_-Stage_3_exam_2015.pdf"
Dance_Stage_2_and_3_Source_Booklet_2015.pdf"
Dance_%20Stage_3_exam_2015.pdf"
design
2009
2010
Design_stage_2_exam_2010.pdf"
Design_Stage_3_exam_2010.pdf"
2011
Design_stage_2_examination_2011_Web_Only_Version_PDF.pdf"
Design_Stage_3_examination_2011_Web_Only_Version_PDF.pdf"
2012
Design_Stage_3_Exam_2012_Web_Only_Version.pdf"
Design_Stage_2_Exam_2012_Web_Only_Version.pdf"
2013
Design_2013_Stage-3_Acknowledgement_Variation.pdf"
Design_Stage_3_Exam_2013_web_only_version.pdf"
Design_2013_Stage%203_Acknowledgement_Variation.pdf"
Design_Stage_2_Exam_2013_web_only_version.pdf"
2014
DES3-Examination-report-2014-Public-version.pdf"
Design-Stage-3_Acknowledgement_Variation_2014.pdf"
WEB-ONLY-VERSION-Design_Stage_3_Exam_2014.pdf"
DES2%20Examination%20report%202014%20-%20Public%20version.pdf"
DES3%20Examination%20report%202014%20-%20Public%20version.pdf"
Design%20Stage%203_Acknowledgement_Variation_2014.pdf"
WEB%20ONLY%20VERSION%20Design_Stage_2_Exam_2014.pdf"
WEB%20ONLY%20VERSION%20Design_Stage_3_Exam_2014.pdf"
2015
DES3-Examination-report-2015-Public-version.PDF"
WEB-ONLY-VERSION-Design_Stage_3_Exam_2015.pdf"
WEB%20ONLY%20VERSION%20Design_Stage_3_Exam_2015.pdf"
drama
2009
Web%20version%20only%20Drama_2009_WACE_examination_Stage_2_written_pdf.pdf"
Web%20version%20only%20Drama_2009_WACE_examination_Stage_3_written_pdf.pdf"
2010
Drama_Stage_2_Exam_2010.pdf"
Drama_Stage_3_exam_2010.pdf"
2011
Drama_Stage_2_Examination_2011_Web_Only_Version_pdf.pdf"
Drama_Stage_3_examination_2011_Web_Only_Version_pdf.pdf"
2012
Drama_Stage_3_exam_2012_Web_Only_Version.pdf"
Drama_Stage_3_Interview_Questions_2012.pdf"
Drama_Stage_2_exam_2012_Web_Only_Version.pdf"
Drama_Stage_2_Interview_Prompts_Stage%202_2012.pdf"
2013
Drama_2013_Stage_3_Acknowledgement_Variation.pdf"
Drama_Stage_3_exam_2013_web_only_version.pdf"
Drama_Stage_3_Interview_prompts_2013.pdf"
Drama_Stage_2_exam_2013_web_only_version.pdf"
Drama_Stage_2_Interview_prompts_2013.pdf"
2014
DRA3-Examination-report-2014-Public-version.pdf"
WEB-ONLY-VERSION-Drama_Stage_3_exam_2014.pdf"
DRA3%20Examination%20report%202014%20-%20Public%20version.pdf"
WEB%20ONLY%20VERSION%20Drama_Stage_2_exam_2014.pdf"
WEB%20ONLY%20VERSION%20Drama_Stage_3_exam_2014.pdf"
2015
DRA3-Examination-report-2015-Public-version.PDF"
Drama_Stage_3_Interview_Prompts_2015.pdf"
WEB-ONLY-VERSION-Drama_Stage_3_exam_2015.pdf"
WEB%20ONLY%20VERSION%20Drama_Stage_3_exam_2015.pdf"
earth_and_environmental_science
2009
Web%20version%20only%20Earth_and_Environmental_Science_2009_WACE_examination_Stage_2_written_pdf.pdf"
Web%20version%20only%20Earth_and_Environmental_Science_2009_WACE_examination_Stage_3_written_pdf.pdf"
2010
Earth_and_Environmental_Science_Stage_2_exam_2010.pdf"
Earth_and_Environmental_Science_Stage_3_Exam_2010_WEB_ONLY_VERSION_PDF.pdf"
2011
Earth_and_Environmental_Science_Stage_2_exam_2011.pdf"
Earth_and_Environmental_Science_Stage_3_Exam_2011_Web_Only_Version_PDF.pdf"
2012
Earth_and_Environmental_Science_Stage_3_exam_2012.pdf"
Earth_and_Environmental_Science_Stage_2_exam_2012.pdf"
2013
Earth_and_Environmental_Science_Stage_3_exam_2013.pdf"
Earth_and_Environmental_Science_2013_Stage_2_Acknowledgement_Variation.pdf"
Earth_and_Environmental_Science_Stage_2_exam_2013.pdf"
2014
Earth_and_Environmental_Science_Stage_3_exam_2014.pdf"
EES3-Examination-report-2014-Public-version.pdf"
Earth_and_Environmental_Science_Stage_2_exam_2014.pdf"
EES3%20Examination%20report%202014%20-%20Public%20version.pdf"
2015
Earth_and_Environmental_Science_Stage_3_exam_2015.pdf"
EES3-Examination-report-2015-Public-version.PDF"
economics
2009
2010
Economics_Stage_2_exam_2010.pdf"
Economics_Stage_3_Exam_2010.pdf"
2011
Economics_Stage_2_acknowledgement_erratum_2011_pdf.pdf"
Economics_Stage_3_exam_2011_Web_Only_Version_pdf.pdf"
Economics_Stage_2_exam_2011_Web_Only_Version_pdf.pdf"
2012
Economics_Stage_3_exam_2012_WEB_VERSION_ONLY.pdf"
Economics_Stage_2_exam_2012_WEB_VERSION_ONLY.pdf"
2013
Economics_Stage_3_exam_2013.pdf"
Economics_2013_Stage_2_Acknowledgement_Variation.pdf"
Economics_Stage_2_exam_2013_web_only_version.pdf"
2014
ECO3-Examination-report-2014-Public-version.pdf"
WEB-ONLY-VERSION-Economics_Stage_3_exam_2014.pdf"
Economics_Stage_2_exam_2014.pdf"
ECO3%20Examination%20report%202014%20-%20Public%20version.pdf"
WEB%20ONLY%20VERSION%20Economics_Stage_3_exam_2014.pdf"
2015
WEB-ONLY-VERSION-Economics_Stage_3_exam_2015.pdf"
WEB%20ONLY%20VERSION%20Economics_Stage_3_exam_2015.pdf"
engineering_studies
2009
Engineering%20Studies%20Stage%202%20WACE%20Errata%202009_pdf.pdf"
Engineering%20Studies%20Stage%203%20WACE%20Erratum%202009_pdf.pdf"
Web%20version%20only%20Engineering%20Studies%20Stage%202%20and%203%20WACE%20Data%20Book%202009_pdf.pdf"
Web%20version%20only%20Engineering%20Studies%20Stage%202%20WACE%20Document%20Booklet%202009_pdf.pdf"
Web%20version%20only%20Engineering_Studies_2009_WACE_examination_Stage_2_pdf.pdf"
Web%20version%20only%20Engineering_Studies_2009_WACE_examination_Stage_3_pdf.pdf"
2010
Engineering_Studies_Data_Booklet_2010.pdf"
Engineering_Studies_Stage_2_Document_Booklet_2010.pdf"
Engineering_Studies_Stage_2_examination_2010_WEB_ONLY_VERSION_PDF.pdf"
Engineering_Studies_Stage_2_examination_errata_2010_pdf.pdf"
Engineering_Studies_Stage_3_Document_Booklet_2010_WEB_ONLY_VERSION_PDF.pdf"
Engineering_Studies_Stage_3_examination_2010.pdf"
2011
Engineering_Studies_Stage%202_Document_Booklet_2011.pdf"
Engineering_Studies_Stage%203_Document_Booklet_2011_Web_Only_Version_PDF.pdf"
Engineering_Studies_Stage_2_examination_2011.pdf"
Engineering_Studies_Stage_3_examination_2011.pdf"
2012
Engineering_Studies_Stage_3_Document_Book_2012_Web_only_version.pdf"
Engineering_Studies_Stage_3_exam_2012.pdf"
Erratum_Engineering_Studies_Stage_3_examination_2012.pdf"
Engineering_Studies_Data_Booklet_2012_Web_Only_Version_PDF.docx.pdf"
Engineering_Studies_Stage_2_Document_Book_2012_WEB_VERSION_ONLY.pdf"
Engineering_Studies_Stage_2_exam_2012.pdf"
Erratum_Engineering_Studies_stage_2_Examination_2012.pdf"
2013
Engineering_Studies_2013_Stage_3_Acknowledgement_Variation.pdf"
Engineering_Studies_Stage_3_exam_2013.pdf"
Engineering_Studies_Stage_2_exam_2013.pdf"
2014
Engineering_Studies_Stage_3_exam_2014.pdf"
EST3-Examination-report-2014-Public-version.pdf"
Engineering_Studies_Data_book_2014.pdf"
Engineering_Studies_Stage_2_exam_2014.pdf"
EST3%20Examination%20report%202014%20-%20Public%20version.pdf"
2015
Engineering_Studies_Data_book_2015.pdf"
Engineering_Studies_Stage_3_exam_2015.pdf"
EST3-Examination-report-2015-Public-version.PDF"
english
2009
Web%20version%20only%20English_2009_WACE_examination_stage_2_pdf.pdf"
Web%20version%20only%20English_2009_WACE_examination_Stage_3_pdf.pdf"
2010
English_Stage_2_examination_2010_WEB_ONLY_VERSION_PDF.pdf"
English%20Stage%203%20examination%202010_WEN_ONLY_VERSION_PDF.pdf"
2011
English_Stage_3_acknowledgement_erratum_2011_pdf.pdf"
English_Stage_3_Examination_%202011_Web_Only_Version_PDF.pdf"
English_Stage_2_examination_2011_Web_Version_Only_PDF.pdf"
2012
English_Stage_3_exam_2012_Web_only_version.pdf"
English_Stage_2_exam_2012_Web_only_version.pdf"
2013
English_Stage_2_exam_2013_web_only_version.pdf"
English_Stage_3_exam_2013_web_only_version.pdf"
WEB_ONLY_VERSION_English_Stage_3_exam_2013.pdf"
2014
ENG3-Examination-report-2014-Public-version.pdf"
WEB-ONLY-VERSION-English_Stage_3_exam_2014.pdf"
ENG2-Examination-report-2014-Public-version.pdf"
WEB-ONLY-VERSION-English_Stage_2_exam_2014.pdf"
ENG2%20Examination%20report%202014%20-%20Public%20version.pdf"
ENG3%20Examination%20report%202014%20-%20Public%20version.pdf"
WEB%20ONLY%20VERSION%20English_Stage_2_exam_2014.pdf"
WEB%20ONLY%20VERSION%20English_Stage_3_exam_2014.pdf"
2015
ENG3_Examination_report_2015_Public_version.pdf"
WEB_ONLY_VERSION_English_Stage_3_exam_2015.pdf"
english_as_an_additional_languagedialect
2009
EALD_2009_Stage_2_and_3.mp3"
Web_version_only_English_Additional_Language_Dialect_2009_WACE_examination_Stage_3_written_pdf.pdf"
Web%20version%20only%20English_Additional_Language_Dialect_2009_WACE_examination_Stage_2_written_pdf.pdf"
2010
EALD_examination_audio_Stage_2_2010.mp3"
EALD_examination_audio_Stage_3_2010.mp3"
EALD_Stage_2_examination_2010.pdf"
EALD_Stage_2_recording_script_2010_pdf.pdf"
EALD_Stage_3_examination_2010.pdf"
EALD_Stage_3_recording_script_2010_pdf.pdf"
2011
EALD_2011_stage_2_text_2_edit.mp3"
EALD_2011_stage_3_text_1_edit.mp3"
EALD_Stage%202_recording_script_2011.pdf"
EALD_Stage%203_recording_script_2011_Web_only_version_pdf.pdf"
EALD_Stage_2_written_exam_2011_Web_Version_Only_pdf.pdf"
EALD_Stage_3_written_exam_2011_pdf.pdf"
English_as_Additional_%20Language_%20Dialect_Stage_3_acknowledgement_erratum_2011_pdf.pdf"
2012
EALD_2012_WACE_Exam_stage_2.mp3"
EALD_2012_WACE_Exam_stage_3.mp3"
EALD_Stage-3_recording_script_2012.pdf"
EALD_Stage_3_Examination_Report_2012.pdf"
EALD_Stage_3_exam_2012.pdf"
EALD_Stage_2_exam_2012.pdf"
EALD_Stage_3_recording_script_2012.pdf"
EALD_Stage_2_Examination_Report_2012.pdf"
2013
EALD_Stage-3_recording_script_2013_web_only_version.pdf"
EALD_Stage_3_exam_2013_web_only_version.pdf"
WACE_EXAM_ELD_Stage_2.mp3"
WACE_EXAM_ELD_Stage_3.mp3"
EALD_Stage%202_recording%20script_2013_web_only_version.pdf"
EALD_Stage%203_recording_script_2013_web_only_version.pdf"
EALD_Stage_2_exam_2013_web_only_version.pdf"
English_as_an_Additional_Language_or_Dialect_2013_Stage_2_Acknowledgement_Variation.pdf"
2014
EALD-Stage-3-Recording-Transcript_Acknowledgement_Variation_2014.pdf"
EALD3-Examination-report-2014-Public-version.pdf"
EALD_Stage_3_exam_2014.pdf"
EALD_Stage_3_Recording_Transcript_2014.pdf"
ELD_Stage_2.mp3"
ELD_Stage_3.mp3"
EALD%20Stage%203%20Recording%20Transcript_Acknowledgement_Variation_2014.pdf"
EALD2%20Examination%20report%202014%20-%20Public%20version.pdf"
EALD3%20Examination%20report%202014%20-%20Public%20version.pdf"
EALD_Stage_2_exam_2014.pdf"
EALD_Stage_2_Recording_Transcript_2014.pdf"
2015
EALD-practical-cards-for-WEB-2015_pdf.pdf"
EALD_Stage_3_Recording_Transcript_2015.pdf"
eld_stage3_01.mp3"
eld_stage3_02.mp3"
eld_stage3_03.mp3"
WEB-ONLY-VERSION-EALD_Stage_3_exam_2015.pdf"
EALD%20practical%20cards%20for%20WEB%202015_pdf.pdf"
WEB%20ONLY%20VERSION%20EALD_Stage_3_exam_2015.pdf"
food_science_and_technology
2009
2010
Food_Science_and_Technology_Stage_2_exam_2010.pdf"
Food_Science_and_Technology_Stage_3_examination_2010.pdf"
2011
Food_Science_and_Technology_Stage_2_exam_2011_pdf.pdf"
Food_Science_and_Technology_Stage_3_exam_2011_pdf.pdf"
2012
Food_Science_and_Technology_Stage_3_exam_2012_web_only_version.pdf"
Food_Science_and_Technology_Stage_2_exam_2012.pdf"
2013
Food_Science_and_Technology_Stage_3_exam_2013_web_only_version.pdf"
Food_Science_and_Technology_2013_Stage_2_Acknowledgement_Variation.pdf"
Food_Science_and_Technology_Stage_2_exam_2013.pdf"
2014
Food_Science_and_Technology_Stage_3_exam_2014.pdf"
FST3-Examination-report-2014-Public-version.pdf"
Food_Science_and_Technology_Stage_2_exam_2014.pdf"
FST2%20Examination%20report%202014%20-%20Public%20version.pdf"
FST3%20Examination%20report%202014%20-%20Public%20version.pdf"
2015
Food_Science_and_Technology_Stage_3_exam_2015.pdf"
FST3-Examination-report-2015-Public-version.PDF"
french
2009
2010
French_Stage_2_examination_errata_2010.pdf"
French_Stage_2_exam_2010_WEB_ONLY_VERSION_PDF.pdf"
French_Stage_2_Recording_script_2010_pdf.pdf"
French_Stage_3_recording_script_2010_pdf.pdf"
French_Stage_3_written_examination_2010_WEB_ONLY_VERSION_PDF.pdf"
FRE_examination_audio_Stage_2_2010.mp3"
FRE_examination_audio_Stage_3_2010.mp3"
2011
FRE_2011_stage_2_exam.mp3"
FRE_2011_stage_3_exam.mp3"
French_Stage_2_recording_script_2011_pdf.pdf"
French_Stage_2_written_examination_2011_Web_Only_Version_pdf.pdf"
French_Stage_3_Recording_script_2011_pdf.pdf"
French_Stage_3_written_examination_2011_Web_Only_Version_pdf.pdf"
2012
French_Stage_3_exam_2012_Web_Only_Version.pdf"
French_Stage_3_Practical_Stimulus_2012.pdf"
French_Stage_3_Recording_script_2012.pdf"
FRE_2012_Stage2_audio_script.mp3"
FRE_2012_Stage3_audio_script.mp3"
French_Stage_2_exam_2012_WEB_ONLY_VERSION.pdf"
French_Stage_2_Practical_Stimulus_2012.pdf"
2013
French_2013_Stage_3_Acknowledgement_Variation.pdf"
French_Stage_3_exam_2013_web_only_version.pdf"
French_Stage_3_Recording_script_2013.pdf"
WACE_EXAM_FRE_Stage_2.mp3"
WACE_EXAM_FRE_Stage_3.mp3"
French_Stage_2_exam_2013.pdf"
French_Stage_2_recording_script_2013.pdf"
2014
FRE3-Examination-report-2014-Public-version.pdf"
French_3_Recording_Transcript_2014.pdf"
FRE_Stage_3.mp3"
WEB-ONLY-VERSION-French_Stage_3_exam_2014.pdf"
FRE3%20Examination%20report%202014%20-%20Public%20version.pdf"
WEB%20ONLY%20VERSION%20French_Stage_3_exam_2014.pdf"
2015
French-3-Recording_Transcript_2015.pdf"
french_stage3_01.mp3"
french_stage3_02.mp3"
french_stage3_03.mp3"
french_stage3_04.mp3"
french_stage3_05.mp3"
french_stage3_06.mp3"
french_stage3_07.mp3"
french_stage3_08.mp3"
WEB-ONLY-VERSION-French_Stage_3_exam_2015.pdf"
French%203%20Recording_Transcript_2015.pdf"
WEB%20ONLY%20VERSION%20French_Stage_3_exam_2015.pdf"
geography
2009
2010
Geography_Stage_2_examination_2010.pdf"
Geography_Stage_3_examination_2010.pdf"
2011
Geography_Stage_2_Broadsheet_2011_low_resolution.pdf"
Geography_Stage_2_Examination_2011.pdf"
Geography_Stage_3_Broadsheet_2011_Side_1_low_resolution_Web_Only_Version_pdf.pdf"
Geography_Stage_3_Broadsheet_2011_Side_2_low_resolution_Web_Only_Version_pdf.pdf"
Geography_Stage_3_Examination_2011.pdf"
2012
Geography_A2_Stage_3_2012_Broadsheet_web_only_version.pdf"
Geography_A2_Stage_3_2012_Broadsheet_web_only_version_hi_res.pdf"
Geography_Stage_3_exam_2012.pdf"
048913_Geography_Stage_2_2012a_V5cropLR.pdf"
048913_Geography_Stage_2_2012b_V5cropLR.pdf"
048914_Geography_A2_Stage_3b_V5.pdf"
048914_Geography_A2_Stage_3b_V5cropLR.pdf"
Geography_Stage_2_Broadsheet_A3_2012_lowres_Web_only_version.pdf"
Geography_Stage_2_exam_2012.pdf"
2013
Geography-Stage-3-Broadsheet-Acknowledgement-Variation-2013.pdf"
Geography_Stage_3_2013_Broadsheet_A2_print_A3.pdf"
Geography_Stage_3_Broadsheet_A2_2013.pdf"
Geography_Stage_3_exam_2013.pdf"
Geography%20%28Stage%203%29%20Broadsheet%20Acknowledgement%20Variation%202013.pdf"
Geography_2013_Stage_2_Broadsheet_Acknowledgement_Variation.pdf"
Geography_Stage_2_Broadsheet_A2_2013_high_res_web_only_version.pdf"
Geography_Stage_2_Broadsheet_A3_2013_low_res_web_only_version.pdf"
Geography_Stage_2_exam_2013.pdf"
2014
GEO3-Examination-report-2014-Public-version.pdf"
Geography-Stage-3-Broadsheet_Acknowledgement_Variation_2014.pdf"
Geography_Stage_3_Broadsheet_A2_2014.pdf"
Geography_Stage_3_Broadsheet_A2_2014_low_res.pdf"
Geography_Stage_3_exam_2014.pdf"
GEO2%20Examination%20report%202014%20-%20Public%20version.pdf"
GEO3%20Examination%20report%202014%20-%20Public%20version.pdf"
Geography%20Stage%203%20Broadsheet_Acknowledgement_Variation_2014.pdf"
Geography_Stage_2_exam_2014.pdf"
WEB%20ONLY%20VERSION%20Geography_Stage_2_Broadsheet_A2_2014.pdf"
WEB%20ONLY%20VERSION%20Geography_Stage_2_Broadsheet_A2_2014_low_res.pdf"
2015
GEO3-Examination-report-2015-Public-version.PDF"
Geography_Stage_3-Broadsheet_2015_A2_print_A3.pdf"
Geography_Stage_3_Broadsheet_A2_2015.pdf"
Geography_Stage_3_exam_2015.pdf"
Geography_Stage_3%20Broadsheet_2015_A2_print_A3.pdf"
german
2009
2010
German_Stage_3_exam_2010_WEB_ONLY_VERSION_PDF.pdf"
German_Stage_3_Recording_Script_2010_pdf.pdf"
GER_examination_audio_Stage_3_2010.mp3"
2011
GER_2011_stage_2_exam.mp3"
GER_2011_stage_3_exam.mp3"
German_Stage_2_examination_2011_Web_Only_Version_pdf.pdf"
German_Stage_2_Recording_SCRIPT_2011_pdf.pdf"
German_Stage_3_examination_2011_Web_Only_Version_pdf.pdf"
German_Stage_3_Recording_SCRIPT_2011_pdf.pdf"
2012
German_Stage_3_2012_Practical_stimulus_item_6_web_version_only.pdf"
German_Stage_3_exam_2012_Web_only_version.pdf"
German_Stage_3_Recording_Script_2012.pdf"
GER_2012_Stage3_audio_script.mp3"
German_Stage_3_Practical_stimulus_item_6_web_version_only.pdf"
2013
German_Stage_3_exam_2013_web_only_version.pdf"
German_Stage_3_Recording_Script_2013.pdf"
WACE_EXAM_GER_Stage_3.mp3"
2014
GER3-Examination-report-2014-Public-version.pdf"
GER_Stage_3.mp3"
WEB-ONLY-VERSION-German_Stage_3_exam_2014.pdf"
WEB-ONLY-VERSION-German_Stage_3_Recording_script_2014.pdf"
GER3%20Examination%20report%202014%20-%20Public%20version.pdf"
WEB%20ONLY%20VERSION%20German_Stage_3_exam_2014.pdf"
WEB%20ONLY%20VERSION%20German_Stage_3_Recording_script_2014.pdf"
2015
German-Recording_Transcript_2015.pdf"
German-Sound-Recording-Stage-3_Track-1.mp3"
German-Sound-Recording-Stage-3_Track-10.mp3"
German-Sound-Recording-Stage-3_Track-11.mp3"
German-Sound-Recording-Stage-3_Track-2.mp3"
German-Sound-Recording-Stage-3_Track-3.mp3"
German-Sound-Recording-Stage-3_Track-4.mp3"
German-Sound-Recording-Stage-3_Track-5.mp3"
German-Sound-Recording-Stage-3_Track-6.mp3"
German-Sound-Recording-Stage-3_Track-7.mp3"
German-Sound-Recording-Stage-3_Track-8.mp3"
German-Sound-Recording-Stage-3_Track-9.mp3"
WEB-ONLY-VERSION-German_Stage_3_exam_2015.pdf"
German%20Recording_Transcript_2015.pdf"
WEB%20ONLY%20VERSION%20German_Stage_3_exam_2015.pdf"
health_studies
2009
2010
Health_Studies_Stage_2_exam_2010.pdf"
Health_Studies_Stage_3_exam_2010.pdf"
2011
Health_Studies_Stage_2_acknowledgement_erratum_2011_pdf.pdf"
Health_Studies_Stage_2_exam_2011_Web_Version_Only_pdf.pdf"
Health_Studies_Stage_3_exam_2011_pdf.pdf"
2012
Health_Studies_Stage_3_exam_2012.pdf"
Health_Studies_Stage_2_exam_2012.pdf"
2013
Health_2013_Stage_3_Studies_Marking_Key_Acknowledgement_Variation.pdf"
Health_Studies_Stage_3_exam_2013.pdf"
Health_Studies_2013_Stage_2_Acknowledgement_Variation.pdf"
Health_Studies_Stage_2_exam_2013.pdf"
2014
HEA3-Examination-report-2014-Public-version.pdf"
Health_Studies_-Stage_3_exam_2014.pdf"
HEA2%20Examination%20report%202014%20-%20Public%20version.pdf"
HEA3%20Examination%20report%202014%20-%20Public%20version.pdf"
Health_Studies_%20Stage_3_exam_2014.pdf"
WEB%20ONLY%20VERSION%20Health_Studies_%20Stage_2_exam_2014.pdf"
2015
HEA3-Examination-report-2015-Public-version.PDF"
Health_Studies_Stage_3_exam_2015.pdf"
human_biology
2009
2010
Human_Biological_Science_Stage_2_exam_2010_WEB_ONLY_VERSION_PDF.pdf"
Human_Biological_Science_Stage_3_exam_2010_WEB_ONLY_VERSION_PDF.pdf"
HBS_3AB_Marking_Key_2010.pdf
2011
Human_Biological_Science_Stage_2_examination_2011_Web_Version_Only_pdf.pdf"
Human_Biological_Science_Stage_3_%20Exam_2011_web_only_version_pdf.pdf"
Human_Biological_Science_Stage_2_acknowledgement_erratum_2011_pdf.pdf"
HBS_3AB_Marking_Key_2011.pdf
2012
Human_Biological_Science_Stage_2_exam_2012_WEB_ONLY_VERSION.pdf"
Human_Biological_Science_Stage_3_exam_2012_web_only_version.pdf"
Human_Biological_Science_%20Stage_3_exam_2012_WEB_ONLY_VERSION.pdf"
hbs2ab_ans_2012.pdf
HBS_3AB_Marking_Key_2012.pdf
2013
Human_Biological_Science_2013_Stage_3_Acknowledgement_Variation.pdf"
Human_Biological_Science_Stage_3_exam_2013_web_only_version.pdf"
Human_Biological_Science_2013_Stage_2_Acknowledgement_Variation.pdf"
Human_Biological_Science_Stage_2_exam_2013_web_only_version.pdf"
2014
HBS3-Examination-report-2014-Public-version.pdf"
Human-Biological-Science-Stage-3_Acknowledgement_Variation_2014.pdf"
WEB-ONLY-VERSION-Human_Biological_Science_-Stage_3_exam_2014.pdf"
HBS2%20Examination%20report%202014%20-%20Public%20version.pdf"
HBS3%20Examination%20report%202014%20-%20Public%20version.pdf"
Human%20Biological%20Science%20Stage%203_Acknowledgement_Variation_2014.pdf"
WEB%20ONLY%20VERSION%20Human_Biological_Science_%20Stage_3_exam_2014.pdf"
WEB%20ONLY%20VERSION%20Human_Biological_Science_Stage_2_exam_2014.pdf"
2015
HBS-Examination-report-2015-Public-version.PDF"
WEB-ONLY-VERSION-Human_Biological_Science_-Stage_3_exam_2015.pdf"
WEB%20ONLY%20VERSION%20Human_Biological_Science_%20Stage_3_exam_2015.pdf"
indonesian_second_language
2009
2010
Indonesian_Second_Language_Stage_2_Recording_Script_2010_pdf.pdf"
Indonesian_Second_Language_Stage_2_written_examination_2010.pdf"
Indonesian_Second_Language_Stage_3_Recording_script_2010_pdf.pdf"
Indonesian_Second_Language_Stage_3_Written_Exam_2010.pdf"
IND_examination_audio_Stage_2_2010.mp3"
IND_examination_audio_Stage_3_2010_track_1.mp3"
IND_examination_audio_Stage_3_2010_track_2.mp3"
2011
ind_2011_stage2_exam.mp3"
ind_2011_stage3_exam_text1.mp3"
Indonesian_Second_Language_Stage_2_Audio_transcript_and_questions_2011_web_version.pdf"
Indonesian_Second_Language_Stage_2_written_examination_2011_Web_Only_Version_pdf.pdf"
Indonesian_Second_Language_Stage_3_Audio_Transcript_and_questions_2011_pdf.pdf"
Indonesian_Second_Language_Stage_3_written_examination_2011_Web_Only_Version_pdf.pdf"
2012
Indonesian_Second_Language_Stage_3_-Practical_audio-transcript_questions_and_marking_key_2012_web_only_version.pdf"
Indonesian_Second_Language_Stage_3_exam_2012_Web_only_Version.pdf"
IND_2012_Stage2_audio_script.mp3"
IND_2012_Stage3_audio_script.mp3"
Indonesian_Second_Language_Stage_2_Audio_Transcripts_and_Questions_2012.pdf"
Indonesian_Second_Language_Stage_2_exam_2012_Web_only_version.pdf"
Indonesian_Second_Language_Stage_3_%20Practical_audio%20transcript_questions_and_marking_key_2012_web_only_version.pdf"
Indonesian_Second_Language_Stage_3_transcript_2012_Web_Only_Version.pdf"
2013
Indonesian_Second_Language_Stage_3_exam_2013_web_only_version.pdf"
Indonesian_Second_Language_Stage_3_Practical_audio_transcript_questions_and_marking-key_2013_web_only_version.pdf"
"zzzzzzzzzzzzzzzzzzzzzzzzz^error^oral_recording_2013.mp3"
Indonesian_Second_Language_Stage_2_Practical_"
Indonesian%20Second%20Language%20Stage%202%20Audio%20transcript%20questions%20and%20marking%20key%202013.pdf"
Indonesian_Second_Language_Stage_2_exam_2013_web_only_version.pdf"
Indonesian_Second_Language_Stage_3_Practical_audio_transcript_questions_and_marking%20key_2013_web_only_version.pdf"
2014
IND3-Examination-report-2014-Public-version.pdf"
Indonesian_Second_Language_Stage_3_Audio-transcript-questions-and-marking-key_2014.pdf"
IND_Stage_3.mp3"
WEB-ONLY-VERSION-Indonesian_Second_Language_Stage_3_exam_2014.pdf"
IND3%20Examination%20report%202014%20-%20Public%20version.pdf"
Indonesian_Second_Language_Stage_3_Audio%20transcript%20questions%20and%20marking%20key_2014.pdf"
WEB%20ONLY%20VERSION%20Indonesian_Second_Language_Stage_3_exam_2014.pdf"
2015
IND3-Examination-report-2015-Public-version.PDF"
Indonesian_Second_Language_Stage_3_Audio_Transcript_questions_marking_key_2015.pdf"
Indonesian_Second_Language_Stage_3_Recording_script_2015.pdf"
indo_stage3_01.mp3"
indo_stage3_02.mp3"
WEB-ONLY-VERSION-Indonesian_Second_Language_Stage_3_exam_2015.pdf"
WEB%20ONLY%20VERSION%20Indonesian_Second_Language_Stage_3_exam_2015.pdf"
integrated_science
2009
2010
Integrated_Science_Stage_2_examination_2010_WEB_ONLY_VERSION_PDF.pdf"
Integrated_Science_Stage_2_exam_Formula_and_data_sheet_2010.pdf"
Integrated_Science_Stage_3_examination_2010.pdf"
Integrated_Science_Stage_3_exam_Formula_sheet_2010.pdf"
Integrated_Science_Stage_2_Sample_formula_data_sheet_2010_pdf.pdf"
Integrated_Science_Stage_3_Formula_and_data_sheet_2010_pdf.pdf"
2011
Integrated_Science_Stage_2_Exam_2011_Web_Only_Version_pdf.pdf"
Integrated_Science_Stage_2_Formula_and_data_sheet_%202011.pdf"
Integrated_Science_Stage_3_Exam_2011_Web_Only_Version_PDF.pdf"
Integrated_Science_Stage_3_Formula_and_data_sheet_2011.pdf"
2012
Integrated_Science_Data_sheet_2012_Stage_3.pdf"
Integrated_Science_Stage_3_exam_2012.pdf"
Integrated_Science_Data_sheet_2012_Stage_2.pdf"
Integrated_Science_Stage_2_exam_2012.pdf"
2013
Integrated_Science_Exam_Data_sheet_2013_Stage_3.pdf"
Integrated_Science_Stage_3_exam_2013.pdf"
Integrated_Science_Exam_Data_sheet_2013_Stage_2.pdf"
Integrated_Science_Stage_2_exam_2013.pdf"
2014
Integrated_Science_Data_sheet_2014_Stage_3.pdf"
ISC3-Examination-report-2014-Public-version.pdf"
WEB-ONLY-VERSION-Integrated_Science_Stage_3_exam_2014.pdf"
Integrated_Science_Data_sheet_2014_Stage_2.pdf"
Integrated_Science_Stage_2_exam_2014.pdf"
ISC3%20Examination%20report%202014%20-%20Public%20version.pdf"
WEB%20ONLY%20VERSION%20Integrated_Science_Stage_3_exam_2014.pdf"
2015
Integrated_Science_Data_sheet_2015_Stage_3.pdf"
ISC3-Examination-report-2015-Public-version.PDF"
WEB-ONLY-VERSION-Integrated_Science_Stage_3_exam_2015_page_39.pdf"
WEB%20ONLY%20VERSION%20Integrated_Science_Stage_3_exam_2015_page_39.pdf"
italian
2009
ITA_2009_Stage_2_Part_A_listening.mp3"
ITA_2009_Stage_3_Part_A_listening.mp3"
Web%20version%20only%20Italian_2009_WACE_examination_Stage_2_written_pdf.pdf"
Web%20version%20only%20Italian_2009_WACE_examination_Stage_3_written_pdf.pdf"
2010
Italian_Stage_2_recording_script_2010_pdf.pdf"
Italian_Stage_2_written_exam_2010.pdf"
Italian_Stage_3_written_exam_2010.pdf"
ITA_examination_audio_Stage_2_2010.mp3"
ITA_examination_audio_Stage_3_2010.mp3"
Italian_Stage_3_recording%20script_2010_pdf.pdf"
2011
ITA_2011_stage_2_exam.mp3"
ITA_2011_stage_3_exam.mp3"
Italian_Stage%202_written_examination_2011_Web_Only_Version_pdf.pdf"
Italian_Stage_2_recording_script_2011_pdf.pdf"
Italian_Stage_3_recording_script_2011_pdf.pdf"
Italian_Stage_3_written_examination_2011_Web_Only_Version_pdf.pdf"
2012
Italian_Stage_3_exam_2012_web_version_only.pdf"
Italian_Stage_3_recording-script_2012_web_only_version.pdf"
ITA_2012_Stage3_audio_script.mp3"
Italian_Stage_2_exam_2012_Web_only_version.pdf"
Italian_Stage_2_Recording_Script.pdf"
Italian_Stage_3_recording%20script_2012_web_only_version.pdf"
2013
Italian_2013_Stage_3_Acknowledgement_Variation.pdf"
Italian_Stage_3_2013_recording.pdf"
Italian_Stage_3_exam_2013_web_only_version.pdf"
WACE_EXAM_ITA_Stage_2.mp3"
WACE_EXAM_ITA_Stage_3.mp3"
Erratum_Italian_Stage_2_2013.pdf"
Italian_Stage_2_exam_2013.pdf"
Italian_Stage_2_Recording_Script_2013.pdf"
Italian_Stage_3_recording%20script_2013.pdf"
2014
ITA3-Examination-report-2014-Public-version.pdf"
Italian_3_Recording_Transcript_2014.pdf"
ITA_Stage_3.mp3"
WEB-ONLY-VERSION-Italian_Stage_3_exam_2014.pdf"
ITA3%20Examination%20report%202014%20-%20Public%20version.pdf"
WEB%20ONLY%20VERSION%20Italian_Stage_3_exam_2014.pdf"
2015
01_italian_stage3.mp3"
02_italian_stage3.mp3"
03_italian_stage3.mp3"
04_italian_stage3.mp3"
05_italian_stage3.mp3"
06_italian_stage3.mp3"
Italian-Stage-3-Video.mp4"
WEB-ONLY-VERSION-Italian-3-Recording_Transcript_2015.pdf"
Web-only-version-Italian_Stage_3_exam_2015.pdf"
WEB%20ONLY%20VERSION%20Italian%203%20Recording_Transcript_2015.pdf"
Web%20only%20version%20Italian_Stage_3_exam_2015.pdf"
japanese_second_language
2009
2010
Japanese_Second_Language_Stage_2_recording_script_2010_pdf.pdf"
Japanese_Second_Language_Stage_2_written_exam_2010.pdf"
Japanese_Second_Language_Stage_3_Recording_Script_2010_pdf.pdf"
Japanese_Second_Language_Stage_3_written_exam_2010_WEB_ONLY_VERSION_PDF.pdf"
JSL_Respose_listeneing_examination_audio_Stage_2_2010.mp3"
JSL_Respose_listeneing_examination_audio_Stage_3_2010.mp3"
2011
JSL_2011_stage_2_exam.mp3"
JSL_2011_stage_3_exam.mp3"
Japanese_Second_Language_Stage_2_recording_script_2011_pdf.pdf"
Japanese_Second_Language_Stage_2_written_exam_2011_pdf.pdf"
Japanese_Second_Language_Stage_3_Recording_Script_2011_pdf.pdf"
Japanese_Second_Language_Stage_3_written_exam_2011_pdf.pdf"
2012
Japanese_Second_Language_Stage_3_exam_2012.pdf"
Japanese_Second_Language_Stage_3_Recording_Script_2012.pdf"
JSL_2012_Stage2_audio_script.mp3"
JSL_2012_Stage3_audio_script.mp3"
Japanese_Second_Language_Stage_2_exam_2012.pdf"
Japanese_Second_Language_Stage_2_Recording_Script_2012.pdf"
2013
Japanese_Second_Language_Stage_3_exam_2013.pdf"
Japanese_Second_Language_Stage_3_recording_script_2013.pdf"
WACE_EXAM_JSL_Stage_2.mp3"
WACE_EXAM_JSL_Stage_3.mp3"
Japanese_Second_Language_Stage_2_exam_2013.pdf"
Japanese_Second_Language_Stage_2_recording_script_2013.pdf"
2014
Japanese_Second_Language_Stage_3_exam_2014.pdf"
Japanese_second_language_stage_3_Recording_Script_2014.pdf"
JSL3-Examination-report-2014-Public-version.pdf"
JSL_Stage_2.mp3"
JSL_Stage_3.mp3"
Japanese_Second_Language_Stage_2_exam_2014.pdf"
Japanese_Second_Language_Stage_2_Recording_script_2014.pdf"
JSL3%20Examination%20report%202014%20-%20Public%20version.pdf"
2015
Japanese_Second_Language_Stage_3_exam_2015.pdf"
Japanese_second_Language_Stage_3_Recording_Script_2015.pdf"
japanese_stage3_01.mp3"
japanese_stage3_02.mp3"
japanese_stage3_03.mp3"
japanese_stage3_04.mp3"
japanese_stage3_05.mp3"
japanese_stage3_06.mp3"
japanese_stage3_07.mp3"
JSL3-Examination-report-2015-Public-version.PDF"
literature
2009
2010
Literature_Stage_2_examination_2010.pdf"
Literature_Stage_3_examination_2010.pdf"
Literature_Stage_3_examination_erratum_2010_pdf.pdf"
2011
Literature_Stage_3_examination_2011_pdf.PDF.pdf"
Literature_Stage_2_acknowledgement_erratum_2011_pdf.pdf"
Literature_Stage_2_examination_2011_Web_Only_Version_pdf.pdf"
2012
Literature_Stage_3_exam_2012_Web_only_version.pdf"
2013
Literature-Stage-3-Acknowledgement-Variation-2013.pdf"
Literature_Stage_3_exam_2013_web_only_version.pdf"
Literature%20Stage%203%20Acknowledgement%20Variation%202013.pdf"
2014
LIT3-Examination-report-2014-Public-version.pdf"
Literature-Stage-3_Acknowledgement_Variation_2014.pdf"
WEB-ONLY-VERSION-Literature_Stage_3_exam_2014.pdf"
LIT3%20Examination%20report%202014%20-%20Public%20version.pdf"
Literature%20Stage%203_Acknowledgement_Variation_2014.pdf"
WEB%20ONLY%20VERSION%20Literature_Stage_2_exam_2014.pdf"
WEB%20ONLY%20VERSION%20Literature_Stage_3_exam_2014.pdf"
2015
WEB-ONLY-VERSION-Literature_Stage_3_exam_2015.pdf"
WEB%20ONLY%20VERSION%20Literature_Stage_3_exam_2015.pdf"
marine_and_maritime_studies_formerly_technology
2009
Marine%20and%20Maritime%20Stage%203%20WACE%20Erratum%202009_pdf.pdf"
Web%20version%20only%20Marine%20and%20Maritime%20Technology%20Stage%202%20WACE%20Appendix%201%202009_pdf.pdf"
Web%20version%20only%20Marine%20and%20Maritime%20Technology%20Stage%203%20Chart_AUS252%20_A3%20print_%202009_pdf.pdf"
Web%20version%20only%20Marine_and_Maritime_Technology_2009_WACE_examination_Stage_2_written_pdf.pdf"
Web%20version%20only%20Marine_and_Maritime_Technology_2009_WACE_examination_stage_3_written_pdf.pdf"
2010
Marine_and_maritime_Stage_2_Appendix_2010.pdf"
Marine_and_maritime_Stage_2_Exam_2010_WEB_ONLY_VERSION_PDF.pdf"
Marine_and_Maritime_Technology_Stage_3_examination_2010.pdf"
Marine_and_Maritime_Technology_Stage_3_pages_20_and_21_of_exam_A3%20print_2010.pdf"
2011
Marine_and_Maritime_Studies_Stage_3_Examination_2011_Web_only_version_pdf.pdf"
2012
Marine_and_Maritime_Studies_Stage_3_exam_2012.pdf"
Marine_and_Maritime_Studies_2_exam_2012.pdf"
Marine_and_Maritime_Studies_Stage_2_insert_2012.pdf"
2013
Erratum_Marine_and_Maritime_Stage_3_2013.pdf"
Marine-and-Maritime-Studies-Stage-3-Acknowledgement-Variation-2013.pdf"
Marine_and_Maritime_Studies_Stage_3_exam_2013_web_only_version.pdf"
Marine%20and%20Maritime%20Studies%20Stage%203%20Acknowledgement%20Variation%202013.pdf"
2014
MMS3-Examination-report-2014-Public-version.pdf"
WEB-ONLY-VERSION-Marine_and_Maritime_Studies_Stage_3_exam_2014.pdf"
MMS3%20Examination%20report%202014%20-%20Public%20version.pdf"
WEB%20ONLY%20VERSION%20Marine_and_Maritime_Studies_Stage_3_exam_2014.pdf"
2015
Marine_and_Maritime_Studies_Stage_3_exam_2015.pdf"
MMS3-Examination-report-2015-Public-version.PDF"
materials_design_and_technology
2009
Web%20version%20only%20Materials_Design_Technology_2009_WACE_examination_Stage_2_pdf.pdf"
Web%20version%20only%20Materials_Design_Technology_2009_WACE_examination_Stage_3_pdf.pdf"
2010
Materials_Design_and_Technology_Stage_2_exam_2010.pdf"
Materials_Design_and_Technology_Stage_3_examination_erratum_2010.pdf"
Materials_Design_and_Technology_Stage_3_exam_2010.pdf"
2011
Materials_Design_and_Technology_Stage_2_Examination_Section_1_and_2_2011_pdf.pdf"
Materials_Design_and_Technology_Stage_2_Examination_Section_3_2011_pdf.pdf"
Materials_Design_and_Technology_Stage_3_exam_Section_1_and_2_2011_pdf.pdf"
Materials_Design_and_Technology_Stage_3_exam_Section_3_2011_pdf.pdf"
2012
Materials_Design_and_Technology_Stage_3_Exam_Section_1_and_2_2012.pdf"
Materials_Design_and_Technology_Stage_2_Exam_Section_1_and_2_2012.pdf"
2013
Materials_Design_and_Technology_Stage_3_Exam_Section_1_and_2_2013_web_only_version.pdf"
Materials_Design_and_Technology_Stage_3_Exam_Section_3_2013_web_version_only.pdf"
Materials%20Design%20and%20Technology%20Stage%202%20Sec%20Two%20Acknowledgement%20Variation%202013.pdf"
Materials_Design_and_Technology_Stage_2_Exam_Section_1_2013_web_only_version.pdf"
Materials_Design_and_Technology_Stage_2_Exam_Section_2_2013_web_only_version.pdf"
2014
MDT3-Examination-report-2014-Public-version.pdf"
WEB-ONLY-VERSION-Materials-Design-and-Technology-Stage-3-Exam-Section-3-2014.pdf"
WEB-VERSION-ONLY-Materials-Design-and-Technology-Stage-3-Exam-Section-1-and-2-2014.pdf"
MDT2%20Examination%20report%202014%20-%20Public%20version.pdf"
MDT3%20Examination%20report%202014%20-%20Public%20version.pdf"
WEB%20ONLY%20VERSION%20Materials%20Design%20and%20Technology%20Stage%203%20Exam%20Section%203%202014.pdf"
WEB%20ONLY%20VERSION%20Materials_Design_and_Technology_Stage_2_Exam_Section_1_2014.pdf"
WEB%20ONLY%20VERSION%20Materials_Design_and_Technology_Stage_2_Exam_Section_2_2014.pdf"
WEB%20VERSION%20ONLY%20Materials%20Design%20and%20Technology%20Stage%203%20Exam%20Section%201%20and%202%202014.pdf"
2015
MDT3-Examination-report-2015-Public-version.PDF"
WEB-ONLY-VERSION-Materials-Design-and-Technology-Stage-3-Exam-Section-1-and-2-2015.pdf"
WEB-ONLY-VERSION-Materials-Design-and-Technology-Stage-3-Exam-Section-3-2015.pdf"
WEB%20ONLY%20VERSION%20Materials%20Design%20and%20Technology%20Stage%203%20Exam%20Section%201%20and%202%202015.pdf"
WEB%20ONLY%20VERSION%20Materials%20Design%20and%20Technology%20Stage%203%20Exam%20Section%203%202015.pdf"
mathematics_methods
2009
2010
Mathematics_2AB_Calculator_Assumed_examination_2010.pdf"
Mathematics_2AB_Calculator_Free_examination%202010.pdf"
Mathematics_2C2D_Calculator_Assumed_examination_2010.pdf"
Mathematics_2C2D_Calculator_Free_examination_2010.pdf"
Mathematics_2C2D_Formula_Sheet_examination_2010.pdf"
Mathematics_3A3B_calculator_assumed_examination_2010.pdf"
Mathematics_3A3B_calculator_free_examination_2010.pdf"
Mathematics_3C3D_Calculator_Assumed_examination_2010.pdf"
Mathematics_3C3D_Calculator_Free_examination_2010.pdf"
Mathematics_3C3D_Formula_Sheet_examination_2010.pdf"
Mathematics_Formula_sheet_2A_2B_examination_2010.pdf"
Mathematics_3A3B_Formula_Sheet_examination_2010.pdf"
2010_math2ab_calcass_ans.pdf
2010_math2ab_calcfree_ans.pdf
2010_math2cd_calcass_ans.pdf
2010_math2cd_calcfree_ans.pdf
MAT_3CD_Marking_Key_2010.pdf
2011
Mathematics_3C3D_Exam_Calc_assumed_2011_pdf.pdf"
Mathematics_3CD_Exam_Calc_free_2011_pdf.pdf"
Mathematics_2AB_Calculator_Assumed_examination_2011_pdf.pdf"
Mathematics_2AB_Calculator_Free_Examination_2011_pdf.pdf"
Mathematics_2AB_Calculator_Free_formula_sheet_2011_pdf.pdf"
Mathematics_2C2D_examination_calculator_assumed_2011_pdf.pdf"
Mathematics_2C2D_examination_calculator_free_2011_pdf.pdf"
Mathematics_2C2D_Examination_Formula_sheet_2011_pdf.pdf"
Mathematics_3A3B_Calculator_assumed_examination_2011_pdf.pdf"
Mathematics_3A3B_Calculator_free_examination_2011_pdf.pdf"
Mathematics_3A3B_Formula_sheet_2011_pdf.pdf"
Mathematics_3C3D_Formula_Sheet_2011_pdf.pdf"
2011_math2ab_calcass_ans.pdf
2011_math2ab_calcfree_ans.pdf
2011_math2cd_calcass_ans.pdf
2011_math2cd_calcfree_ans.pdf
MAT_3CD_Marking_Key_2011.pdf
2012
Mathematics_-Stage_3A_3B_Calc_Assumed_Exam_2012.pdf"
Mathematics_-Stage_3A_3B_Calc_Free_2012.pdf"
Mathematics_-Stage_3C_3D_Calc_Assumed_Exam_2012.pdf"
Mathematics_-Stage_3C_3D_Calc_Free_2012_Exam.pdf"
Mathematics_3A3B_Formulae_sheet_2012.pdf"
Mathematics_3C3D_Formulae_sheet_2012.pdf"
Erratum_Mathematics_Stage_2C2D_2012.pdf"
Mathematics_%20Stage_2A_2B_Calc_Assumed_Exam_2012.pdf"
Mathematics_%20Stage_2A_2B_Calc_Free_2012.pdf"
Mathematics_%20Stage_3A_3B_Calc_Assumed_Exam_2012.pdf"
Mathematics_%20Stage_3A_3B_Calc_Free_2012.pdf"
Mathematics_%20Stage_3C_3D_Calc_Assumed_Exam_2012.pdf"
Mathematics_%20Stage_3C_3D_Calc_Free_2012_Exam.pdf"
Mathematics_2A2B_Formulae_sheet_2012.pdf"
Mathematics_2C2D_Formulae_sheet_2012.pdf"
Mathematics_Stage_2C_2D_Calc_Assumed_Exam_2012.pdf"
Mathematics_Stage_2C_2D_Calc_Free_2012.pdf"
2012_math2ab_calcass_ans.pdf
2012_math2ab_calcfree_ans.pdf
2012_math2cd_calcass_ans.pdf
MAT_3CD_Non_Calc_Marking_Key_2012.pdf
2013
Mathematics_Stage_3A_3B_Calc_Assumed_Exam_2013.pdf"
Mathematics_Stage_3A_3B_Calc_Free_2013.pdf"
Mathematics_Stage_3C_3D_Calc_Assumed_Exam_2013.pdf"
Mathematics_Stage_3C_3D_Calc_Free_2013_Exam.pdf"
Maths_3A3B_Formulae_and_Data_sheet_2013.pdf"
Maths_3C3D_Formulae_and_Data_sheet_2013.pdf"
Mathematics%202A2B%20-%20CALC.%20ASSUMED%20Acknowledgement%20Variation%202013.pdf"
Mathematics%202C2D%20-%20CALC.%20ASSUMED%20Acknowledgement%20Variation%202013.pdf"
Mathematics_Stage_2A_2B_Calc_Assumed_Exam_2013.pdf"
Mathematics_Stage_2A_2B_Calc_Free_2013.pdf"
Mathematics_Stage_2C_2D_Calc_Assumed_Exam_2013.pdf"
Mathematics_Stage_2C_2D_Calc_Free_2013.pdf"
Maths_2A2B_Exam_Formulae_and_Data_sheet_2013.pdf"
Maths_2C2D_Formulae_and_Data_sheet_2013.pdf"
2014
MAT3AB-Examination-report-2014-Public-version.pdf"
MAT3CD-Examination-report-2014-Public-version.pdf"
Mathematics_-Stage_3A_3B_Calc_Assumed_Exam_2014.pdf"
Mathematics_-Stage_3A_3B_Calc_Free_2014.pdf"
Mathematics_-Stage_3C_3D_Calc_Assumed_Exam_2014.pdf"
Mathematics_-Stage_3C_3D_Calc_Free_2014_Exam.pdf"
Maths_3A3B_Formula_sheet_2014.pdf"
Maths_3C3D_Formula_sheet_2014.pdf"
MAT2AB%20Examination%20report%202014%20-%20Public%20version.pdf"
MAT2CD%20Examination%20report%202014%20-%20Public%20version.pdf"
MAT3AB%20Examination%20report%202014%20-%20Public%20version.pdf"
MAT3CD%20Examination%20report%202014%20-%20Public%20version.pdf"
Mathematics_%20Stage_2A_2B_Calc_Assumed_Exam_2014.pdf"
Mathematics_%20Stage_2A_2B_Calc_Free_2014.pdf"
Mathematics_%20Stage_2C_2D_Calc_Assumed_Exam_2014.pdf"
Mathematics_%20Stage_2C_2D_Calc_Free_2014.pdf"
Mathematics_%20Stage_3A_3B_Calc_Assumed_Exam_2014.pdf"
Mathematics_%20Stage_3A_3B_Calc_Free_2014.pdf"
Mathematics_%20Stage_3C_3D_Calc_Assumed_Exam_2014.pdf"
Mathematics_%20Stage_3C_3D_Calc_Free_2014_Exam.pdf"
Maths_2A2B_Formula_sheet_2014.pdf"
Maths_2C2D_Formula_sheet_2014.pdf"
2015
MAT3AB-Examination-report-2015-Public-version.PDF"
MAT3CD-Examination-report-2015-Public-version.PDF"
Mathematics_-Stage_3A3B_Calc_Assumed_Exam_2015.pdf"
Mathematics_-Stage_3A3B_Calc_Free_2015.pdf"
Mathematics_-Stage_3C_3D_Calc_Assumed_Exam_2015.pdf"
Mathematics_-Stage_3C_3D_Calc_Free_Exam_2015.pdf"
Maths_3A3B_Formula_sheet_2015.pdf"
Maths_3C3D_Formula_sheet_2015.pdf"
Mathematics_%20Stage_3A3B_Calc_Assumed_Exam_2015.pdf"
Mathematics_%20Stage_3A3B_Calc_Free_2015.pdf"
Mathematics_%20Stage_3C_3D_Calc_Assumed_Exam_2015.pdf"
Mathematics_%20Stage_3C_3D_Calc_Free_Exam_2015.pdf"
mathematics_specialist
2009
2010
Mathematics_Specialist_3C3D_Calculator_Assumed_Erratum_2010.pdf"
Mathematics_Specialist_3C3D_Calculator_Assumed_exam_2010.pdf"
Mathematics_Specialist_3C3D_Calculator_free_exam_2010.pdf"
Mathematics_Specialist_3C3D_Formula_Sheet_examination_2010.pdf"
Mathematics_Specialist_Formula_sheet_Unit_3A_3B_20.pdf"
Mathematics_Specialist_3AB_%20calculator_free_examination%202010.pdf"
Mathematics_Specialist_3AB_examination_2010%20calc%20assumed.pdf"
MAS_3CD_Calc_Marking_Key_2010.pdf
MAS_3CD_Non_Calc_Marking_Key_2010.pdf
2011
Mathematics_Specialist_3C3D_%20Formula_sheet_2011.pdf"
Mathematics_Specialist_3C3D_Section_one_calculator_free_examination_2011_pdf.pdf"
Mathematics_Specialist_3C3D_Section_two_calculator_assumed_examination_2011_pdf.pdf"
Mathematics_Specialist_3A_3B_examination_calc_free_2011_pdf.pdf"
Mathematics_Specialist_3A_3B_Formula_sheets_2011_pdf.pdf"
MAS_3CD_Calc_Marking_Key_2011.pdf
MAS_3CD_Non_Calc_Marking_Key_2011.pdf
2012
Mathematics_Specialist_3C3D_Formula_Data_sheet_2012.pdf"
Maths_-Specialist_3A3B_Calc_Assu_Exam_2012.pdf"
Maths_-Specialist_3A3B_Calc_Free_exam_2012.pdf"
Maths_Specialist_-3C3D_Calc_Assumed_Exam_2012.pdf"
Maths_Specialist_-3C3D_Calc_Free_2012.pdf"
Maths_Specialist_3A3B_Exam_Formula_Data_sheet_2012.pdf"
Maths_%20Specialist_3A3B_Calc_Assu_Exam_2012.pdf"
Maths_%20Specialist_3A3B_Calc_Free_exam_2012.pdf"
Maths_Specialist_%203C3D_Calc_Assumed_Exam_2012.pdf"
Maths_Specialist_%203C3D_Calc_Free_2012.pdf"
MAS_3CD_Calc_Marking_Key_2012.pdf
MAS_3CD_Non_Calc_Marking_Key_2012.pdf
2013
Mathematics_Specialist_Stage_3C_3D_Calc_Free_2013.pdf"
Maths_Specialist_3A3B_Calc_Assu_Exam_2013.pdf"
Maths_Specialist_3A3B_Calc_Free_exam_2013.pdf"
Maths_Specialist_3A3B_Formulae_and_Data_sheet_2013.pdf"
Maths_Specialist_3C3D_Calc_Assumed_Exam_2013.pdf"
Maths_Specialist_3C3D_Formulae_and_Data_sheet_2013.pdf"
2014
MAS3CD-Examination-report-2014-Public-version.pdf"
Mathematics_Specialist_-Stage_3C_3D_Calc_Free_2014.pdf"
Maths_-Specialist_3A3B_Calc_Assu_Exam_2014.pdf"
Maths_-Specialist_3A3B_Calc_Free_exam_2014.pdf"
Maths_Specialist_-3C3D_Calc_Assumed_Exam_2014.pdf"
Maths_Specialist_3A3B_Formulae_and_Data_sheet_2014.pdf"
Maths_Specialist_3C3D_Formulae_sheet_2014.pdf"
MAS3CD%20Examination%20report%202014%20-%20Public%20version.pdf"
Mathematics_Specialist_%20Stage_3C_3D_Calc_Free_2014.pdf"
Maths_%20Specialist_3A3B_Calc_Free_exam_2014.pdf"
2015
MAS3CD-Examination-report-2015-Public-version.PDF"
Mathematics_-Specialist_3A3B_Calc_Assumed_Exam_2015.pdf"
Mathematics_-Specialist_3A3B_Calc_Free_exam_2015.pdf"
Mathematics_-Specialist_Stage_3C3D_Calc_Assumed_Exam_2015.pdf"
Mathematics_Specialist_-Stage_3C_3D_Calc_Free_2015.pdf"
Maths_Specialist_3A3B_Formulae_and_Data_sheet_2015.pdf"
Maths_Specialist_3C3D_Formulae_and_Data_sheet_2015.pdf"
Mathematics_%20Specialist_3A3B_Calc_Assumed_Exam_2015.pdf"
Mathematics_%20Specialist_3A3B_Calc_Free_exam_2015.pdf"
Mathematics_%20Specialist_Stage_3C3D_Calc_Assumed_Exam_2015.pdf"
Mathematics_Specialist_%20Stage_3C_3D_Calc_Free_2015.pdf"
media_production_and_analysis
2009
Web%20version%20only%20Media_Production_and_Analysis_2009_WACE_examination_Stage_2_pdf.pdf"
Web%20version%20only%20Media_Production_and_Analysis_2009_WACE_examination_Stage_3_pdf.pdf"
2010
Media_Production_and_Analysis_Stage_2_exam_2010.pdf"
Media_Production_and_Analysis_Stage_3_examination_erratum_2010.pdf"
Media_Production_and_Analysis_Stage_3_exam_2010.pdf"
Media_Production_and_Analysis_Stage_3_Source_Booklet_2010_WEB_ONLY_VERSION.pdf"
2011
Media_Production_and_Analysis_Stage_2_exam_2011_pdf.pdf"
Media_Production_and_Analysis_Stage_3_exam_2011_pdf.pdf"
2012
Media_Production_and_Analysis_Stage_3_exam_2012.pdf"
MPA_Examination_Development_Stage_3_2012_Source_Booklet_acknowledgement_pdf.pdf"
Media_Production_and_Analysis_Stage_2_exam_2012.pdf"
MPA_Examination_Development_Stage_2_2012_Source_booklet_acknowledgement_pdf.pdf"
2013
Media_Production_and_Analysis_2013_Stage_3_acknowledgement_web_version.pdf"
Media_Production_and_Analysis_Stage_3_exam_2013.pdf"
Media%20Production%20and%20Analysis%20Stage%202%20exam%202013.pdf"
Media_Production_and_Analysis_2013_Stage%202_acknowledgement_web_version.pdf"
2014
Media-Production-and-Analysis-Stage-3-exam-2014.pdf"
Media-Production-and-Analysis_Examination-Development_2014-Stage-3-Acknowledgement-pages.pdf"
MPA3-Examination-Report-2014-Public-version.pdf"
Media%20Production%20and%20Analysis%20Stage%202%20exam%202014.pdf"
Media%20Production%20and%20Analysis%20Stage%203%20exam%202014.pdf"
Media%20Production%20and%20Analysis_Examination%20Development_2014%20Stage%202%20Source%20Booklet%20Acknowledgement%20pages_281114_pdf.pdf"
Media%20Production%20and%20Analysis_Examination%20Development_2014%20Stage%203%20Acknowledgement%20pages_pdf.pdf"
MPA2%20Examination%20report%202014%20-%20Public%20version.pdf"
MPA3%20Examination%20Report%202014%20-%20Public%20version.pdf"
2015
Media-Production-and-Analysis_Examination-Development_2015-MPA3-acknowledgement-page-for-web_181215_pdf.pdf"
Media_Production_and_Analysis_Stage_3_exam_2015.pdf"
MPA3-Examination-report-2015-Public-version.PDF"
Media%20Production%20and%20Analysis_Examination%20Development_2015%20MPA3%20acknowledgement%20page%20for%20web_181215_pdf.pdf"
modern_history
2009
2010
Modern_History_Stage_2_Document_Booklet_2010_WEB_ONLY_VERSION_PDF.pdf"
Modern_History_Stage_2_examination_2010.pdf"
Modern_History_Stage_3_Document_Booklet_2010_WEB_ONLY_VERSION_PDF.pdf"
Modern_History_Stage_3_examination_2010.pdf"
2010%2030350%20Modern_History_Stage_3_Document_Booklet_Errata_2010_pdf.pdf"
2011
Modern_History_Stage_3_Document_Booklet_2011_Web_Only_Version_PDF.pdf"
Modern_History_Stage_2_Document_Booklet_2011_Web_only_version_pdf.pdf"
Modern_History_Stage_2_Examination_2011.pdf"
Modern_History_Stage_3_examination_2011.pdf"
2012
Modern_History_Stage_3_exam_2012.pdf"
Modern_History_Stage_3_Source_Booklet_2012_Web_only_version.pdf"
Modern_History_Stage_2_exam_2012.pdf"
Modern_History_Stage_2_Source_Booklet_2012_Web_Only_Version.pdf"
2013
Modern-History-Stage-3Document-Booklet-Acknowledgement-Variation-2013.pdf"
Modern_History_Stage_3_Document_Booklet_2013_web_only_version.pdf"
Modern_History_Stage_3_exam_2013.pdf"
Modern%20History%20Stage%202%20Document%20Booklet%20Acknowledgement%20Variation%202013.pdf"
Modern%20History%20Stage%203Document%20Booklet%20Acknowledgement%20Variation%202013.pdf"
Modern_History_Stage_2_exam_2013.pdf"
Modern_History_Stage_2_Source_Booklet_2013.pdf"
2014
HIM3-Examination-report-2014-Public-version.pdf"
Modern-History-Stage-3-Document-Booklet_Acknowledgement_Variation_2014.pdf"
Modern_History_Stage_3_exam_2014.pdf"
WEB-ONLY-VERSION-Modern_History_Stage_3_Document_Booklet_2014.pdf"
HIM3%20Examination%20report%202014%20-%20Public%20version.pdf"
Modern%20History%20Stage%203%20Document%20Booklet_Acknowledgement_Variation_2014.pdf"
Modern_History_Stage_2_exam_2014.pdf"
WEB%20ONLY%20VERSION%20Modern_History_Stage_2_Source_Booklet_2014.pdf"
WEB%20ONLY%20VERSION%20Modern_History_Stage_3_Document_Booklet_2014.pdf"
2015
HIM3-Examination-report-2015-Public-version.PDF"
Modern_History_Stage_3_exam_2015.pdf"
WEB-ONLY-VERSION-Modern_History_Stage_3_Document_Booklet_2015.pdf"
WEB%20ONLY%20VERSION%20Modern_History_Stage_3_Document_Booklet_2015.pdf"
music
2009
2010
Music_Stage_2_Contemporary_exam_2010.pdf"
Music_Stage_2_examination_erratum_2010_pdf.pdf"
Music_Stage_2_Jazz_exam_2010.pdf"
2011
2012
Music_Stage_3_Contemporary_2012_Acknowledgements.pdf"
Music_Stage_3_Jazz_2012_Acknowledgements_2012.pdf"
Music_Stage_3_Western_Art_Music_2012_Acknowledgements.pdf"
Web_only_Version_Music_Contemporary_Stage_3_exam_2012.pdf"
Web_only_Version_Music_Jazz_Stage_3_exam_2012.pdf"
Web_only_Version_Music_WAM_Stage_3_exam_2012.pdf"
Web_only_Version_Score_Booklet_Stage_3_exam_2012.pdf"
Stage_2_Contemporary_Music_Acknowledgements_2012.pdf"
Stage_2_Western_Art_Music_Acknowledgements_2012.pdf"
Web_only_Version_Music_Contemporary_Stage_2_exam_2012.pdf"
Web_only_Version_Music_WAM_CONTEMP_Score_booklet_Stage_2_exam_2012.pdf"
Web_only_Version_Music_WAM_Stage_2_exam_2012.pdf"
2013
MUS3_WAM_JAZZ_CONTEMPORARY_acknowledgements_2013.pdf"
Stage_2_Track_01.mp3"
Stage_2_Track_02.mp3"
Stage_2_Track_03.mp3"
Stage_2_Track_04.mp3"
Stage_2_Track_05.mp3"
Stage_2_Track_06.mp3"
Stage_2_Track_07.mp3"
Stage_2_Track_08.mp3"
Stage_2_Track_09.mp3"
Stage_3_Track_01.mp3"
Stage_3_Track_02.mp3"
Stage_3_Track_03.mp3"
Stage_3_Track_04.mp3"
Stage_3_Track_05.mp3"
Stage_3_Track_06.mp3"
Stage_3_Track_07.mp3"
Stage_3_Track_08.mp3"
Stage_3_Track_09.mp3"
Stage_3_Track_10.mp3"
Stage_3_Track_11.mp3"
Web_Only_Version_Music-Contempory-Stage-3-exam-2013.pdf"
Web_Only_Version_Music-Jazz-Stage-3-exam-2013.pdf"
Web_Only_Version_Music-WAM-Stage-3-exam-2013.pdf"
MUS2_WAM_CONTEMPORARY_acknowledgements_2013.pdf"
Web_Only_Music_Contemporary_Stage_2_exam_2013.pdf"
Web_Only_Music_WAM_Stage_2_exam_2013.pdf"
Web_Only_Version_Music%20Contempory%20Stage%203%20exam%202013.pdf"
Web_Only_Version_Music%20Jazz%20Stage%203%20exam%202013.pdf"
Web_Only_Version_Music%20WAM%20Stage%203%20exam%202013.pdf"
2014
MUS3-Examination-report-2014-Public-version.pdf"
Music_Stage_3_acknowledgments_2014.pdf"
Stage_2_Track_01.mp3"
Stage_2_Track_02.mp3"
Stage_2_Track_03.mp3"
Stage_2_Track_07.mp3"
Stage_2_Track_08.mp3"
Stage_2_Track_09.mp3"
Stage_2_Track_10.mp3"
Stage_3_Track_01.mp3"
Stage_3_Track_02.mp3"
Stage_3_Track_03.mp3"
Stage_3_Track_04.mp3"
Stage_3_Track_05.mp3"
Stage_3_Track_06.mp3"
Stage_3_Track_07.mp3"
Stage_3_Track_08.mp3"
Stage_3_Track_09.mp3"
Stage_3_Track_10.mp3"
WEB-ONLY-VERSION-Music_Contemporary_Stage_3_exam_2014.pdf"
WEB-ONLY-VERSION-Music_Jazz_Stage_3_exam_2014.pdf"
WEB-ONLY-VERSION-Music_WAM_Stage_3_exam_2014.pdf"
MUS3%20Examination%20report%202014%20-%20Public%20version.pdf"
Music_Stage_2_Contemporary_acknowledgements.pdf"
WEB%20ONLY%20VERSION%20Music_Contemporary_only_Stage_2_exam_2014.pdf"
WEB%20ONLY%20VERSION%20Music_Contemporary_Stage_3_exam_2014.pdf"
WEB%20ONLY%20VERSION%20Music_Jazz_Stage_3_exam_2014.pdf"
WEB%20ONLY%20VERSION%20Music_WAM_Stage_3_exam_2014.pdf"
2015
MUS3-Examination-report-2015-Public-version.PDF"
Music_Stage_3_acknowledgments_2015.pdf"
scsa2015_music_st3_qu1b.mp3"
scsa2015_music_st3_qu2.mp3"
scsa2015_music_st3_qu3.mp3"
scsa2015_music_st3_qu4.mp3"
scsa2015_music_st3_qu5.mp3"
WEB-ONLY-VERSION_Music_Stage_3_Contemporary_exam_2015.pdf"
WEB-ONLY-VERSION_Music_Stage_3_Jazz_exam_2015.pdf"
WEB-ONLY-VERSION_Music_Stage_3_WAM_exam_2015.pdf"
WEB%20ONLY%20VERSION_Music_Stage_3_Contemporary_exam_2015.pdf"
WEB%20ONLY%20VERSION_Music_Stage_3_Jazz_exam_2015.pdf"
WEB%20ONLY%20VERSION_Music_Stage_3_WAM_exam_2015.pdf"
outdoor_education
2009
Web%20version%20only%20Outdoor%20Education%20Stage%202%20WACE%20Map%20Insert%202009_pdf.pdf"
Web%20version%20only%20Outdoor_Education_2009_WACE_examination_Stage_2_pdf.pdf"
Web%20version%20only%20Outdoor_Education_2009_WACE_examination_Stage_3_pdf.pdf"
2010
Outdoor_Education_Stage_2_Exam_2010.pdf"
Outdoor_Education_Stage_2_Map_insert_2010.pdf"
Outdoor_Education_Stage_3_Exam_2010_WEB_ONLY_VERSION_PDF.pdf"
2011
Outdoor_Education_Stage_2_Examination_2011.pdf"
Outdoor_Education_Stage_3_erratum_2011.pdf"
Outdoor_Education_Stage_3_Examination_2011_pdf.pdf"
2012
Outdoor_Education_Stage_3_exam_2012_Web_Only_Version.pdf"
Outdoor_Education_Stage_2_exam_2012.pdf"
Outdoor_Education_Stage_2_Map_Insert_2012.pdf"
2013
Outdoor_Education_Stage_3_exam_2013.pdf"
Outdoor_Education_Stage_2_exam_2013.pdf"
Outdoor_Education_Stage_2_Map_Insert_2013.pdf"
2014
OED3-Examination-report-2014-Public-version.pdf"
WEB-ONLY-VERSION-Outdoor_Education_Stage_3_exam_2014.PDF"
OED3%20Examination%20report%202014%20-%20Public%20version.pdf"
Outdoor_Education_Stage_2_exam_2014.pdf"
WEB%20ONLY%20VERSION%20Outdoor_Education_Stage_2_Map_Insert_2014.pdf"
WEB%20ONLY%20VERSION%20Outdoor_Education_Stage_3_exam_2014.pdf"
2015
OED3-Examination-report-2015-Public-version.PDF"
WEB-ONLY-VERSION-Outdoor_Education_Stage_3_exam_2015.pdf"
WEB%20ONLY%20VERSION%20Outdoor_Education_Stage_3_exam_2015.pdf"
philosophy_and_ethics
2009
Web%20version%20only%20Philosophy_and_Ethics_2009_WACE_examination_Stage_3_pdf.pdf"
Web%20version%20only%20Philosophy_and_Ethics_2009_WACE_examination_Stage_2_pdf.pdf"
2010
Philosophy_and_Ethics_Stage_3_exam_2010.pdf"
Philosophy%20and%20Ethics%20Stage%202%20exam%202010_WEB_ONLY_VERSION_PDF.pdf"
2011
Philosophy_and_Ethics_Stage_3_Examination_2011_Web_Only_Version_pdf.pdf"
Philosophy_and_Ethics_Stage_2_Examination_2011_Web_Only_Version_pdf.pdf"
2012
WEB-ONLY-VERSION-Philosophy_and_Ethics_Stage_3_exam_2012.PDF"
Philosophy_and_Ethics_Stage_2_exam_2012.pdf"
Philosophy_and_Ethics_Stage_3_exam_2012.pdf"
2013
Philosophy_and_Ethics_Stage_3_exam_2013.pdf"
Philosophy_and_Ethics_Stage_2_exam_2013_web_only_version.pdf"
2014
PAE3-Examination-report-2014-Public-version.pdf"
Philosophy_and_Ethics_Stage_3_exam_2014.pdf"
PAE3%20Examination%20report%202014%20-%20Public%20version.pdf"
2015
PAE3-Examination-report-2015-Public-version.PDF"
Philosophy_and_Ethics_Stage_3_exam_2015.pdf"
physical_education_studies
2009
Web%20version%20only%20Physical_Education_Studies_2009_WACE_examination_Stage_2_pdf.pdf"
Web%20version%20only%20Physical_Education_Studies_2009_WACE_examination_Stage_3_pdf.pdf"
2009%20PES%20practical%20examination.pdf"
2010
Physical_Education_Studies_Stage_2_exam_2010_WEB_ONLY_VERSION_PDF.pdf"
Physical_Education_Studies_Stage_3_exam_WEB_ONLY_VERSION_PDF.pdf"
Exam%20development%20Physical%20Education%20Practical%20Examinations%202010_pdf.pdf"
PES_3AB_Marking_Key_2010.pdf
2011
Physical_Education_Studies_Practical_Examinations_2011_pdf.pdf"
Physical_Education_Studies_Stage_2_exam_2011_Web_Only_Version_pdf.pdf"
Physical_Education_Studies_Stage_3_exam%202011.Web_Only_Version_pdf.pdf"
PES_3AB_Marking_Key_2011.pdf
2012
2012_PES_Practical_examination.pdf"
Physical_Education_Studies_Stage_3_exam_2012_Web_Only_Version.pdf"
Physical_Education_Studies_Stage_2_exam_2012_Web_Only_Version.pdf"
PES_3AB_Marking_Key_2012.pdf
2013
2013_PES_Practical_Examination.pdf"
Physical_Education_Studies_Stage_3_exam_2013_web_only_version.PDF"
Physical_Education_Studies_Stage_2_exam_2013_web_only_version.pdf"
Physical_Education_Studies_Stage_3_exam_2013_web_only_version.pdf"
2014
PES-Practical-Examination-Report-2014-Public-version.pdf"
PES3-Examination-report-2014-Public-version.pdf"
Physical_Education_Studies_AFL_Practical_2014.pdf"
Physical_Education_Studies_Athletics_Practical_2014.pdf"
Physical_Education_Studies_Badminton_Practical_2014.pdf"
Physical_Education_Studies_Basketball_Practical_2014.pdf"
Physical_Education_Studies_Cricket_Practical_2014.pdf"
Physical_Education_Studies_Equestrian_Practical_2014.pdf"
Physical_Education_Studies_Golf_Practical_2014.pdf"
Physical_Education_Studies_Gymnastics_Practical_2014.pdf"
Physical_Education_Studies_Hockey_Practical_2014.pdf"
Physical_Education_Studies_Netball_Practical_2014.pdf"
Physical_Education_Studies_Soccer_Practical_2014.pdf"
Physical_Education_Studies_Softball_Practical_2014.pdf"
Physical_Education_Studies_Squash_Practical_2014.pdf"
Physical_Education_Studies_Swimming_Practical_2014.pdf"
Physical_Education_Studies_Tennis_Practical_2014.pdf"
Physical_Education_Studies_Touch_football_Practical_2014.pdf"
Physical_Education_Studies_Volleyball_Practical_2014.pdf"
WEB-ONLY-VERSION-Physical_Education_Studies_Stage_3_exam_2014.PDF"
WEB-ONLY-VERSION-Physical_Education_Studies_Stage_2_exam_2014.pdf"
PES2-Examination-report-2014-Public-version.pdf"
PES%20Practical%20Examination%20Report%202014%20-%20Public%20version.pdf"
PES2%20Examination%20report%202014%20-%20Public%20version.pdf"
PES3%20Examination%20report%202014%20-%20Public%20version.pdf"
WEB%20ONLY%20VERSION%20Physical_Education_Studies_Stage_2_exam_2014.pdf"
WEB%20ONLY%20VERSION%20Physical_Education_Studies_Stage_3_exam_2014.pdf"
2015
PES3-Examination-report-2015-Public-version.PDF"
Physical_Education_Studies_AFL_Practical_2015.pdf"
Physical_Education_Studies_Athletics_Practical_2015.pdf"
Physical_Education_Studies_Badminton_Practical_2015.pdf"
Physical_Education_Studies_Basketball_Practical_2015.pdf"
Physical_Education_Studies_Cricket_Practical_2015.pdf"
Physical_Education_Studies_Equestrian_Practical_2015.pdf"
Physical_Education_Studies_Golf_Practical_2015.pdf"
Physical_Education_Studies_Gymnastics_Practical_2015.pdf"
Physical_Education_Studies_Hockey_Practical_2015.pdf"
Physical_Education_Studies_Netball_Practical_2015.pdf"
Physical_Education_Studies_Soccer_Practical_2015.pdf"
Physical_Education_Studies_Softball_Practical_2015.pdf"
Physical_Education_Studies_Squash_Practical_2015.pdf"
Physical_Education_Studies_Swimming_Practical_2015.pdf"
Physical_Education_Studies_Tennis_Practical_2015.pdf"
Physical_Education_Studies_Touch_Football_Practical_2015.pdf"
Physical_Education_Studies_Volleyball_Practical_2015.pdf"
WEB-ONLY-VERSION-Physical_Education_Studies_Stage_3_exam_2015.pdf"
WEB%20ONLY%20VERSION%20Physical_Education_Studies_Stage_3_exam_2015.pdf"
physics
2009
2010
Physics_Stage_2_examination_2010_WEB_ONLY_VERSION_PDF.pdf"
Physics_Stage_2_formulae_and_constants_sheet.pdf"
Physics_Stage_3_examination_2010_WEB_ONLY_VERSION_PDF.pdf"
Physics_Stage_3_Formulae_and_constants_sheet_2010.pdf"
Physics_Formulae_and%20_Data_sheet_stage_3_2013.pdf"
Physics_Stage_3_marking_key_2010.pdf
2011
Physics_Stage_2_examination_2011%20PDF.pdf"
Physics_Stage_2_Sample_formulae_and_constants_sheet_2010_PDF.pdf"
Physics_Stage_3_examination_2011.pdf"
Physics_Stage_3_Formulae_and_constants_sheet_2011_PDF.pdf"
Physics_Stage_3_marking_key_2011.pdf
2012
Erratum_Physics_3_Formulae_and_data_sheet_2012.pdf"
Physics_Exam_Formulae_and-_Data_sheet_stage3_2012.pdf"
Physics_Stage_3_Exam_2012.pdf"
Physics_Exam_Formulae_and-_Data_sheet_stage_2_2012.pdf"
Physics_Stage_2_Exam_2012.pdf"
Physics_Exam_Formulae_and%20_Data_sheet_stage3_2012.pdf"
Physics_Exam_Formulae_and%20_Data_sheet_stage_2_2012.pdf"
Physics_Stage_3_marking_key_2012.pdf
2013
Physics_Formulae_and-_Data_sheet_stage_3_2013.pdf"
Physics_Stage_3_Exam_2013.pdf"
Physics_Formulae_and_Data_sheet_stage_2_2013.pdf"
Physics_Stage_2_Exam_2013.pdf"
Physics_Formulae_and%20_Data_sheet_stage_3_2013.pdf"
Physics_Stage_3_ratified_marking_key_2013.pdf
2014
PHY3-Examination-report-2014-Public-version.pdf"
Physics_Formulae_and-_Data_sheet_stage_3_2014.pdf"
Physics_Stage_3_Exam_2014.pdf"
Physics_Stage_2_Exam_2014.pdf"
Physics_Formulae_and-_Data_sheet_stage_2_2014.pdf"
PHY2-Examination-Report-2014-Public-version.pdf"
PHY2%20Examination%20Report%202014%20-%20Public%20version.pdf"
PHY3%20Examination%20report%202014%20-%20Public%20version.pdf"
Physics_Formulae_and%20_Data_sheet_stage_2_2014.pdf"
Physics_Formulae_and%20_Data_sheet_stage_3_2014.pdf"
Physics_Stage_3_Ratified_marking_key_2014.pdf
2015
PHY3-Examination-report-2015-Public-version.PDF"
Physics_Formulae_and%20_Data_sheet_stage_3_2015.pdf"
Physics_Formulae_and-_Data_sheet_stage_3_2015.pdf"
Physics_Stage_3_Exam_2015.pdf"
Physics_Stage_3_Ratified_Marking Key_2015.pdf
plant_production_systems
2009
2010
Plant_Production_Systems_Stage_3_Examination_2010.pdf"
Plant_Production_Systems_Stage_%202_Examination_2010.pdf"
2011
Plant_Production_Systems_Stage_%202_examination_2011_pdf.pdf"
Plant_Production_Systems_Stage_3_erratum_2011.pdf"
Plant_Production_Systems_Stage_3_Examination_2011_pdf.pdf"
2012
Plant_Production_Systems_Stage_3_exam_2012.pdf"
Plant_Production_Systems_Stage_2_exam_2012.pdf"
2013
Plant_Production_Systems_Stage_3_exam_2013.pdf"
Plant_Production_Systems_Stage_2_exam_2013.pdf"
2014
Plant_Production_Systems_Stage_3_exam_2014.pdf"
PPS3-Examination-report-2014-Public-version.pdf"
Plant_Production_Systems_Stage_2_exam_2014.pdf"
PPS3%20Examination%20report%202014%20-%20Public%20version.pdf"
2015
Plant_Production_Systems_Stage_3_exam_2015.pdf"
PPS3-Examination-report-2015-Public-version.PDF"
politics_and_law
2009
2010
Politics_and_Law_Stage_3_exam_2010.pdf"
Politics_and_Law_Stage_2%20examination_2010_WEB_ONLY_VERSION_PDF.pdf"
2011
Politics_and_Law_Stage_2_Examination_Web_Only_Version_2011.pdf"
Politics_and_Law_Stage_3_2011_Examination_Web_Only_Version_PDF.pdf"
2012
Politics_and_Law_Stage_3_exam_2012_Web_Only_Version.pdf"
Politics_and_Law_Stage_2_exam_2012.pdf"
2013
Politics_and_Law_Stage_3_exam_2013.pdf"
Politics_and_Law_Stage_2_exam_2013_web_only_version.pdf"
2014
PAL3-Examination-report-2014-Public-version.pdf"
Politics-and-Law-Stage-3_Acknowledgement_Variation_2014.pdf"
Politics_and_Law_Stage_3_exam_2014.pdf"
Politics%20and%20Law%20Stage%203_Acknowledgement_Variation_2014.pdf"
PAL3%20Examination%20report%202014%20-%20Public%20version.pdf"
2015
PAL3-Examination-report-2015-Public-version.PDF"
Politics_and_Law_Stage_3_exam_2015.pdf"
psychology
2009
Web%20version%20only%20Psychology_2009_WACE_examination_Stage_2_pdf.pdf"
Web%20version%20only%20Psychology_2009_WACE_examination_Stage_3_pdf.pdf"
2010
Psychology_Stage_2_examination_2010.pdf"
Psychology_Stage_3_examination_2010.pdf"
2011
Psychology_Stage_2_examination_2011_pdf.pdf"
Psychology_Stage_3_examination_2011_pdf.pdf"
2012
Psychology_Stage_3_exam_2012_Web_only_version.pdf"
Psychology_Stage_2_exam_2012.pdf"
2013
Psychology_Stage_3_exam_2013_web_only_version.pdf"
Psychology_Stage_2_exam_2013.pdf"
2014
PSY3-Examination-report-2014-Public-version.pdf"
Psychology_Stage_3_exam_2014.pdf"
PSY2%20Examination%20report%202014%20-%20Public%20version.pdf"
PSY3%20Examination%20report%202014%20-%20Public%20version.pdf"
Psychology_Stage_2_exam_2014.pdf"
2015
PSY3-Examination-report-2015-Public-version.PDF"
Psychology_Stage_3_exam_2015.pdf"
religion_and_life
2009
2010
Religion_and_Life_examination_erratum_2010.pdf"
Religion_and_Life_Stage_2_exam_2010.pdf"
Religion_and_Life_Stage_3_exam_2010.pdf"
Religion_and_Life_stage_2_resource_booklet_2010_WEB_ONLY_VERSION_PDF.pdf"
Religion_and_Life_Stage_3_resource_booklet_2010.pdf"
2011
Religion_and_Life_Stage_2_examination_2011_pdf.pdf"
Religion_and_Life_Stage_2_resource_booklet_2011_pdf.pdf"
Religion_and_Life_Stage_2_Resource_Booklet_acknowledgement_erratum_2011_pdf.pdf"
Religion_and_Life_Stage_3_Examination_2011.pdf"
Religion_and_Life_Stage_3_resource_booklet_2011_pdf.pdf"
2012
Religion_and_Life_Stage_3_exam_2012.pdf"
Religion_and_Life_Stage_2_exam_2012.pdf"
2013
Religion_and_Life_Stage_3-Acknowledgement-Variation.pdf"
Religion_and_Life_Stage_3_exam_2013.pdf"
Religion_and_Life_Stage_3_Resource_Booklet_2013_web_only_version.pdf"
Religion%20and%20Life%20Stage%203%20Resource%20booklet%20Acknowledgement%20Variation%202013.pdf"
Religion_and_Life_Stage_2_exam_2013.pdf"
Religion_and_Life_Stage_2_Resource_Booklet_2013_web_only_version.pdf"
2014
REL3-Examination-report-2014-Public-version.pdf"
Religion-and-Life-Stage-3-Resource-Booklet_Acknowledgement_Variation_2014.pdf"
Religion_and_Life_Stage_3_exam_2014.pdf"
WEB-ONLY-VERSION-Religion_and_Life_Stage_3_Resource_Booklet_2014.pdf"
REL2%20Examination%20report%202014%20-%20Public%20version.pdf"
REL3%20Examination%20report%202014%20-%20Public%20version.pdf"
Religion%20and%20Life%20Stage%203%20Resource%20Booklet_Acknowledgement_Variation_2014.pdf"
Religion_and_Life_Stage_2_exam_2014.pdf"
WEB%20ONLY%20VERSION%20Religion_and_Life_Stage_2_Resource_Booklet_2014.pdf"
WEB%20ONLY%20VERSION%20Religion_and_Life_Stage_3_Resource_Booklet_2014.pdf"
2015
REL3-Examination-report-2015-Public-version.PDF"
Religion_and_Life_Stage_3_exam_2015.pdf"
WEB-ONLY-VERSION-Religion_and_Life_Stage_3_Resource_Booklet_2015.pdf"
WEB%20ONLY%20VERSION%20Religion_and_Life_Stage_3_Resource_Booklet_2015.pdf"
visual_arts
2009
2010
Visual_Arts_Stage_2_exam_2010.pdf"
Visual_Arts_Stage_3_examination_2010.pdf"
Visual_Arts_Stage_3_source_booklet_2010.pdf"
2011
Visual_Arts_Stage_2_exam_paper_2011.pdf"
Visual_Arts_Stage_2_Source_Booklet_2011_Web_Only_Version_pdf.pdf"
Visual_Arts_Stage_3_Examination_2011.pdf"
Visual_Arts_Stage_3_Source_booklet_2011_Web_Only_Version_pdf.pdf"
2012
Visual_Arts_-Stage_3_Source_Booklet_2012_Web_Version_Only.pdf"
Visual_Arts_Stage_3_Exam_2012.pdf"
Visual_Arts_%20Stage_3_Source_Booklet_2012_Web_Version_Only.pdf"
Visual_Arts_Stage_2_exam_2012.pdf"
Visual_Arts_Stage_2_Source_Booklet_2012_Web_Only_Version.pdf"
2013
Visual-Arts-Stage-3-Source-booklet-Acknowledgement-Variation-2013.pdf"
Visual_Arts_Stage_3_Exam_2013.pdf"
Visual_Arts_Stage_3_Source_Booklet_2013_web_only_version.pdf"
Visual%20Arts%20Stage%202%20Source%20booklet%20Acknowledgement%20Variation%202013.pdf"
Visual%20Arts%20Stage%203%20Source%20booklet%20Acknowledgement%20Variation%202013.pdf"
Visual_Arts_Stage_2_exam_2013.pdf"
Visual_Arts_Stage_2_Source_Booklet_2013_web_only_version.pdf"
2014
VAR3-Examination-report-2014-Public-version.pdf"
Visual-Arts_Examination-Development_2014-Stage-3-Source-Booklet-Acknowledgements.pdf"
Visual_Arts_Stage_3_Exam_2014.pdf"
VAR3%20Examination%20report%202014%20-%20Public%20version.pdf"
Visual%20Arts_Examination%20Development_2014%20Stage%202%20Acknowledgements_281114_pdf.pdf"
Visual%20Arts_Examination%20Development_2014%20Stage%203%20Source%20Booklet%20Acknowledgements_281114_pdf.pdf"
Visual_Arts_Stage_2_exam_2014.pdf"
2015
VAR3-Examination-report-2015-Public-version.PDF"
Visual-Arts_Examination-Development_2015-VAR3-acknowledgement-page-for-web.pdf"
Visual_Arts_Stage_3_Exam_2015.pdf"
Visual%20Arts_Examination%20Development_2015%20VAR3%20acknowledgement%20page%20for%20web_181215_pdf.pdf"
